<?xml version="1.0" encoding="UTF-8"?>
<coverage generated="1771519613018" clover="3.2.0">
  <project timestamp="1771519613018" name="All files">
    <metrics statements="412" coveredstatements="350" conditionals="162" coveredconditionals="124" methods="102" coveredmethods="86" elements="676" coveredelements="560" complexity="0" loc="412" ncloc="412" packages="1" files="8" classes="8"/>
    <file name="check-existing-command.ts" path="/workspace/repos/kai-delegator/src/check-existing-command.ts">
      <metrics statements="23" coveredstatements="23" conditionals="8" coveredconditionals="8" methods="5" coveredmethods="5"/>
      <line num="1" count="1" type="stmt"/>
      <line num="3" count="1" type="cond" truecount="2" falsecount="0"/>
      <line num="4" count="1" type="stmt"/>
      <line num="5" count="1" type="stmt"/>
      <line num="6" count="1" type="stmt"/>
      <line num="19" count="1" type="stmt"/>
      <line num="24" count="1" type="stmt"/>
      <line num="29" count="1" type="stmt"/>
      <line num="32" count="11" type="cond" truecount="2" falsecount="0"/>
      <line num="33" count="2" type="stmt"/>
      <line num="40" count="9" type="stmt"/>
      <line num="42" count="9" type="cond" truecount="2" falsecount="0"/>
      <line num="43" count="4" type="stmt"/>
      <line num="50" count="5" type="cond" truecount="2" falsecount="0"/>
      <line num="51" count="4" type="stmt"/>
      <line num="58" count="1" type="stmt"/>
      <line num="65" count="1" type="stmt"/>
      <line num="70" count="5" type="stmt"/>
      <line num="71" count="5" type="stmt"/>
      <line num="74" count="1" type="stmt"/>
      <line num="75" count="4" type="stmt"/>
      <line num="78" count="1" type="stmt"/>
      <line num="79" count="4" type="stmt"/>
    </file>
    <file name="cleanup-duplicates.ts" path="/workspace/repos/kai-delegator/src/cleanup-duplicates.ts">
      <metrics statements="49" coveredstatements="49" conditionals="19" coveredconditionals="19" methods="6" coveredmethods="6"/>
      <line num="1" count="1" type="stmt"/>
      <line num="3" count="1" type="stmt"/>
      <line num="4" count="6" type="stmt"/>
      <line num="6" count="6" type="stmt"/>
      <line num="7" count="13" type="stmt"/>
      <line num="8" count="13" type="cond" truecount="2" falsecount="0"/>
      <line num="9" count="8" type="stmt"/>
      <line num="11" count="13" type="stmt"/>
      <line num="14" count="6" type="stmt"/>
      <line num="17" count="1" type="stmt"/>
      <line num="18" count="9" type="stmt"/>
      <line num="19" count="11" type="cond" truecount="4" falsecount="0"/>
      <line num="20" count="7" type="cond" truecount="4" falsecount="0"/>
      <line num="21" count="5" type="stmt"/>
      <line num="25" count="1" type="stmt"/>
      <line num="26" count="6" type="stmt"/>
      <line num="27" count="6" type="stmt"/>
      <line num="33" count="1" type="stmt"/>
      <line num="34" count="7" type="cond" truecount="2" falsecount="0"/>
      <line num="44" count="1" type="stmt"/>
      <line num="48" count="5" type="stmt"/>
      <line num="50" count="5" type="stmt"/>
      <line num="52" count="5" type="cond" truecount="2" falsecount="0"/>
      <line num="53" count="1" type="stmt"/>
      <line num="54" count="1" type="stmt"/>
      <line num="55" count="1" type="stmt"/>
      <line num="58" count="4" type="stmt"/>
      <line num="60" count="4" type="stmt"/>
      <line num="61" count="4" type="stmt"/>
      <line num="63" count="4" type="stmt"/>
      <line num="64" count="6" type="cond" truecount="2" falsecount="0"/>
      <line num="65" count="2" type="stmt"/>
      <line num="66" count="2" type="stmt"/>
      <line num="69" count="4" type="stmt"/>
      <line num="70" count="4" type="stmt"/>
      <line num="72" count="4" type="stmt"/>
      <line num="74" count="4" type="stmt"/>
      <line num="76" count="4" type="stmt"/>
      <line num="77" count="4" type="stmt"/>
      <line num="79" count="4" type="stmt"/>
      <line num="80" count="4" type="stmt"/>
      <line num="83" count="4" type="stmt"/>
      <line num="84" count="4" type="stmt"/>
      <line num="87" count="4" type="stmt"/>
      <line num="88" count="4" type="stmt"/>
      <line num="89" count="4" type="stmt"/>
      <line num="90" count="4" type="stmt"/>
      <line num="92" count="4" type="stmt"/>
      <line num="94" count="4" type="stmt"/>
    </file>
    <file name="coding-agent-factory.ts" path="/workspace/repos/kai-delegator/src/coding-agent-factory.ts">
      <metrics statements="24" coveredstatements="24" conditionals="6" coveredconditionals="6" methods="8" coveredmethods="6"/>
      <line num="2" count="1" type="stmt"/>
      <line num="11" count="1" type="stmt"/>
      <line num="16" count="1" type="stmt"/>
      <line num="17" count="5" type="stmt"/>
      <line num="20" count="1" type="stmt"/>
      <line num="21" count="1" type="stmt"/>
      <line num="24" count="1" type="stmt"/>
      <line num="28" count="7" type="stmt"/>
      <line num="30" count="7" type="cond" truecount="2" falsecount="0"/>
      <line num="31" count="1" type="stmt"/>
      <line num="34" count="6" type="stmt"/>
      <line num="36" count="6" type="cond" truecount="2" falsecount="0"/>
      <line num="37" count="1" type="stmt"/>
      <line num="40" count="6" type="stmt"/>
      <line num="43" count="1" type="stmt"/>
      <line num="46" count="2" type="stmt"/>
      <line num="51" count="2" type="stmt"/>
      <line num="52" count="2" type="stmt"/>
      <line num="54" count="2" type="stmt"/>
      <line num="57" count="1" type="stmt"/>
      <line num="58" count="1" type="stmt"/>
      <line num="61" count="1" type="stmt"/>
      <line num="62" count="3" type="stmt"/>
      <line num="65" count="1" type="stmt"/>
    </file>
    <file name="delegator-config.ts" path="/workspace/repos/kai-delegator/src/delegator-config.ts">
      <metrics statements="2" coveredstatements="0" conditionals="0" coveredconditionals="0" methods="0" coveredmethods="0"/>
      <line num="1" count="0" type="stmt"/>
      <line num="14" count="0" type="stmt"/>
    </file>
    <file name="kilo-coding-agent.ts" path="/workspace/repos/kai-delegator/src/kilo-coding-agent.ts">
      <metrics statements="60" coveredstatements="25" conditionals="27" coveredconditionals="3" methods="11" coveredmethods="6"/>
      <line num="1" count="1" type="stmt"/>
      <line num="2" count="1" type="stmt"/>
      <line num="3" count="1" type="stmt"/>
      <line num="4" count="1" type="stmt"/>
      <line num="14" count="1" type="stmt"/>
      <line num="16" count="1" type="stmt"/>
      <line num="24" count="1" type="stmt"/>
      <line num="25" count="12" type="stmt"/>
      <line num="27" count="12" type="stmt"/>
      <line num="30" count="12" type="stmt"/>
      <line num="34" count="6" type="stmt"/>
      <line num="38" count="2" type="stmt"/>
      <line num="42" count="1" type="stmt"/>
      <line num="43" count="1" type="stmt"/>
      <line num="44" count="1" type="cond" truecount="1" falsecount="1"/>
      <line num="45" count="1" type="stmt"/>
      <line num="47" count="0" type="stmt"/>
      <line num="49" count="0" type="stmt"/>
      <line num="54" count="3" type="stmt"/>
      <line num="56" count="3" type="stmt"/>
      <line num="57" count="3" type="stmt"/>
      <line num="61" count="3" type="stmt"/>
      <line num="63" count="3" type="stmt"/>
      <line num="64" count="3" type="cond" truecount="1" falsecount="1"/>
      <line num="65" count="3" type="stmt"/>
      <line num="73" count="0" type="stmt"/>
      <line num="80" count="0" type="cond" truecount="0" falsecount="2"/>
      <line num="81" count="0" type="stmt"/>
      <line num="90" count="0" type="stmt"/>
      <line num="92" count="0" type="stmt"/>
      <line num="93" count="0" type="stmt"/>
      <line num="103" count="0" type="stmt"/>
      <line num="104" count="0" type="stmt"/>
      <line num="108" count="0" type="cond" truecount="0" falsecount="4"/>
      <line num="111" count="0" type="stmt"/>
      <line num="113" count="0" type="stmt"/>
      <line num="121" count="0" type="stmt"/>
      <line num="123" count="0" type="cond" truecount="0" falsecount="2"/>
      <line num="124" count="0" type="stmt"/>
      <line num="126" count="0" type="stmt"/>
      <line num="137" count="0" type="stmt"/>
      <line num="138" count="0" type="stmt"/>
      <line num="144" count="0" type="cond" truecount="0" falsecount="2"/>
      <line num="145" count="0" type="stmt"/>
      <line num="148" count="0" type="stmt"/>
      <line num="149" count="0" type="stmt"/>
      <line num="150" count="0" type="stmt"/>
      <line num="151" count="0" type="stmt"/>
      <line num="152" count="0" type="stmt"/>
      <line num="153" count="0" type="stmt"/>
      <line num="154" count="0" type="stmt"/>
      <line num="156" count="0" type="stmt"/>
      <line num="158" count="0" type="stmt"/>
      <line num="163" count="0" type="cond" truecount="0" falsecount="4"/>
      <line num="164" count="0" type="stmt"/>
      <line num="166" count="0" type="stmt"/>
      <line num="170" count="0" type="stmt"/>
      <line num="179" count="0" type="cond" truecount="0" falsecount="2"/>
      <line num="183" count="1" type="stmt"/>
      <line num="184" count="7" type="stmt"/>
    </file>
    <file name="model-alternator.ts" path="/workspace/repos/kai-delegator/src/model-alternator.ts">
      <metrics statements="12" coveredstatements="12" conditionals="2" coveredconditionals="2" methods="5" coveredmethods="5"/>
      <line num="1" count="1" type="stmt"/>
      <line num="8" count="1" type="stmt"/>
      <line num="9" count="11" type="stmt"/>
      <line num="12" count="20" type="stmt"/>
      <line num="13" count="20" type="stmt"/>
      <line num="14" count="20" type="stmt"/>
      <line num="18" count="5" type="stmt"/>
      <line num="19" count="5" type="cond" truecount="2" falsecount="0"/>
      <line num="23" count="8" type="stmt"/>
      <line num="27" count="1" type="stmt"/>
      <line num="31" count="1" type="stmt"/>
      <line num="32" count="3" type="stmt"/>
    </file>
    <file name="process-health-monitor.ts" path="/workspace/repos/kai-delegator/src/process-health-monitor.ts">
      <metrics statements="118" coveredstatements="97" conditionals="45" coveredconditionals="36" methods="25" coveredmethods="19"/>
      <line num="1" count="1" type="stmt"/>
      <line num="2" count="1" type="stmt"/>
      <line num="4" count="1" type="stmt"/>
      <line num="47" count="1" type="stmt"/>
      <line num="57" count="1" type="stmt"/>
      <line num="69" count="1" type="stmt"/>
      <line num="70" count="97" type="stmt"/>
      <line num="73" count="1" type="stmt"/>
      <line num="75" count="35" type="stmt"/>
      <line num="76" count="35" type="stmt"/>
      <line num="77" count="35" type="stmt"/>
      <line num="78" count="35" type="stmt"/>
      <line num="81" count="35" type="stmt"/>
      <line num="85" count="1" type="stmt"/>
      <line num="89" count="3" type="stmt"/>
      <line num="93" count="6" type="stmt"/>
      <line num="101" count="6" type="stmt"/>
      <line num="102" count="6" type="stmt"/>
      <line num="106" count="3" type="stmt"/>
      <line num="107" count="3" type="cond" truecount="2" falsecount="0"/>
      <line num="108" count="2" type="stmt"/>
      <line num="110" count="3" type="stmt"/>
      <line num="114" count="4" type="stmt"/>
      <line num="118" count="18" type="stmt"/>
      <line num="119" count="18" type="stmt"/>
      <line num="120" count="10" type="stmt"/>
      <line num="122" count="8" type="stmt"/>
      <line num="127" count="9" type="stmt"/>
      <line num="128" count="9" type="stmt"/>
      <line num="133" count="8" type="stmt"/>
      <line num="134" count="8" type="cond" truecount="1" falsecount="1"/>
      <line num="135" count="8" type="cond" truecount="1" falsecount="1"/>
      <line num="136" count="8" type="stmt"/>
      <line num="138" count="8" type="stmt"/>
      <line num="144" count="1" type="stmt"/>
      <line num="153" count="9" type="stmt"/>
      <line num="154" count="9" type="stmt"/>
      <line num="155" count="9" type="stmt"/>
      <line num="156" count="9" type="cond" truecount="2" falsecount="0"/>
      <line num="158" count="9" type="stmt"/>
      <line num="159" count="9" type="cond" truecount="2" falsecount="0"/>
      <line num="161" count="9" type="stmt"/>
      <line num="162" count="9" type="cond" truecount="2" falsecount="0"/>
      <line num="164" count="9" type="cond" truecount="2" falsecount="0"/>
      <line num="165" count="9" type="stmt"/>
      <line num="166" count="9" type="cond" truecount="1" falsecount="1"/>
      <line num="167" count="0" type="stmt"/>
      <line num="169" count="9" type="stmt"/>
      <line num="171" count="9" type="stmt"/>
      <line num="181" count="9" type="stmt"/>
      <line num="182" count="9" type="stmt"/>
      <line num="184" count="9" type="cond" truecount="2" falsecount="0"/>
      <line num="185" count="2" type="stmt"/>
      <line num="186" count="2" type="stmt"/>
      <line num="187" count="7" type="cond" truecount="2" falsecount="0"/>
      <line num="188" count="3" type="stmt"/>
      <line num="189" count="3" type="stmt"/>
      <line num="190" count="3" type="stmt"/>
      <line num="191" count="3" type="cond" truecount="2" falsecount="0"/>
      <line num="192" count="4" type="cond" truecount="2" falsecount="0"/>
      <line num="193" count="1" type="stmt"/>
      <line num="194" count="1" type="stmt"/>
      <line num="195" count="3" type="cond" truecount="2" falsecount="0"/>
      <line num="196" count="1" type="stmt"/>
      <line num="197" count="1" type="stmt"/>
      <line num="200" count="9" type="stmt"/>
      <line num="209" count="3" type="stmt"/>
      <line num="210" count="3" type="stmt"/>
      <line num="211" count="3" type="cond" truecount="2" falsecount="0"/>
      <line num="212" count="1" type="stmt"/>
      <line num="215" count="2" type="stmt"/>
      <line num="217" count="2" type="stmt"/>
      <line num="219" count="2" type="stmt"/>
      <line num="220" count="2" type="cond" truecount="1" falsecount="1"/>
      <line num="221" count="0" type="stmt"/>
      <line num="222" count="0" type="stmt"/>
      <line num="225" count="2" type="stmt"/>
      <line num="227" count="0" type="cond" truecount="0" falsecount="2"/>
      <line num="228" count="0" type="stmt"/>
      <line num="229" count="0" type="stmt"/>
      <line num="234" count="3" type="stmt"/>
      <line num="236" count="3" type="stmt"/>
      <line num="237" count="3" type="stmt"/>
      <line num="238" count="3" type="stmt"/>
      <line num="240" count="3" type="cond" truecount="2" falsecount="0"/>
      <line num="241" count="1" type="stmt"/>
      <line num="243" count="1" type="cond" truecount="3" falsecount="1"/>
      <line num="244" count="1" type="stmt"/>
      <line num="250" count="1" type="stmt"/>
      <line num="254" count="3" type="stmt"/>
      <line num="258" count="3" type="cond" truecount="2" falsecount="0"/>
      <line num="259" count="1" type="stmt"/>
      <line num="262" count="2" type="stmt"/>
      <line num="263" count="0" type="stmt"/>
      <line num="264" count="0" type="stmt"/>
      <line num="266" count="0" type="cond" truecount="0" falsecount="2"/>
      <line num="267" count="0" type="stmt"/>
      <line num="271" count="2" type="stmt"/>
      <line num="275" count="38" type="cond" truecount="2" falsecount="0"/>
      <line num="276" count="2" type="stmt"/>
      <line num="277" count="2" type="stmt"/>
      <line num="279" count="38" type="stmt"/>
      <line num="283" count="4" type="stmt"/>
      <line num="287" count="6" type="stmt"/>
      <line num="291" count="1" type="stmt"/>
      <line num="292" count="2" type="stmt"/>
      <line num="295" count="1" type="stmt"/>
      <line num="296" count="0" type="stmt"/>
      <line num="297" count="0" type="stmt"/>
      <line num="298" count="0" type="stmt"/>
      <line num="299" count="0" type="stmt"/>
      <line num="300" count="0" type="stmt"/>
      <line num="301" count="0" type="stmt"/>
      <line num="302" count="0" type="stmt"/>
      <line num="303" count="0" type="stmt"/>
      <line num="305" count="0" type="stmt"/>
      <line num="308" count="0" type="stmt"/>
      <line num="311" count="0" type="stmt"/>
    </file>
    <file name="structured-logger.ts" path="/workspace/repos/kai-delegator/src/structured-logger.ts">
      <metrics statements="124" coveredstatements="120" conditionals="55" coveredconditionals="50" methods="42" coveredmethods="39"/>
      <line num="1" count="1" type="stmt"/>
      <line num="2" count="1" type="stmt"/>
      <line num="4" count="1" type="cond" truecount="2" falsecount="0"/>
      <line num="5" count="1" type="stmt"/>
      <line num="6" count="1" type="stmt"/>
      <line num="7" count="1" type="stmt"/>
      <line num="8" count="1" type="stmt"/>
      <line num="11" count="1" type="cond" truecount="2" falsecount="0"/>
      <line num="12" count="1" type="stmt"/>
      <line num="13" count="1" type="stmt"/>
      <line num="14" count="1" type="stmt"/>
      <line num="15" count="1" type="stmt"/>
      <line num="16" count="1" type="stmt"/>
      <line num="17" count="1" type="stmt"/>
      <line num="49" count="1" type="stmt"/>
      <line num="58" count="1" type="stmt"/>
      <line num="65" count="1" type="stmt"/>
      <line num="76" count="1" type="stmt"/>
      <line num="83" count="1" type="stmt"/>
      <line num="92" count="1" type="stmt"/>
      <line num="94" count="54" type="stmt"/>
      <line num="95" count="54" type="stmt"/>
      <line num="96" count="54" type="stmt"/>
      <line num="99" count="54" type="stmt"/>
      <line num="100" count="54" type="stmt"/>
      <line num="104" count="54" type="stmt"/>
      <line num="105" count="54" type="stmt"/>
      <line num="106" count="0" type="stmt"/>
      <line num="107" count="0" type="stmt"/>
      <line num="109" count="54" type="stmt"/>
      <line num="110" count="0" type="stmt"/>
      <line num="111" count="0" type="stmt"/>
      <line num="116" count="1" type="stmt"/>
      <line num="120" count="1" type="stmt"/>
      <line num="124" count="46" type="stmt"/>
      <line num="128" count="44" type="stmt"/>
      <line num="132" count="47" type="stmt"/>
      <line num="139" count="8" type="stmt"/>
      <line num="140" count="8" type="stmt"/>
      <line num="141" count="8" type="cond" truecount="2" falsecount="0"/>
      <line num="142" count="1" type="stmt"/>
      <line num="144" count="7" type="stmt"/>
      <line num="145" count="7" type="stmt"/>
      <line num="149" count="41" type="stmt"/>
      <line num="150" count="41" type="stmt"/>
      <line num="152" count="41" type="cond" truecount="2" falsecount="0"/>
      <line num="156" count="41" type="cond" truecount="2" falsecount="0"/>
      <line num="160" count="41" type="cond" truecount="2" falsecount="0"/>
      <line num="164" count="41" type="stmt"/>
      <line num="171" count="30" type="stmt"/>
      <line num="175" count="64" type="cond" truecount="2" falsecount="0"/>
      <line num="177" count="30" type="stmt"/>
      <line num="178" count="30" type="stmt"/>
      <line num="179" count="29" type="stmt"/>
      <line num="181" count="1" type="stmt"/>
      <line num="185" count="30" type="cond" truecount="2" falsecount="0"/>
      <line num="186" count="4" type="stmt"/>
      <line num="187" count="4" type="stmt"/>
      <line num="192" count="30" type="cond" truecount="1" falsecount="1"/>
      <line num="194" count="30" type="cond" truecount="2" falsecount="0"/>
      <line num="195" count="1" type="stmt"/>
      <line num="196" count="1" type="stmt"/>
      <line num="199" count="29" type="cond" truecount="1" falsecount="1"/>
      <line num="201" count="29" type="stmt"/>
      <line num="202" count="3" type="stmt"/>
      <line num="214" count="42" type="cond" truecount="2" falsecount="0"/>
      <line num="216" count="40" type="stmt"/>
      <line num="226" count="40" type="cond" truecount="2" falsecount="0"/>
      <line num="227" count="37" type="stmt"/>
      <line num="230" count="40" type="cond" truecount="2" falsecount="0"/>
      <line num="231" count="27" type="stmt"/>
      <line num="232" count="27" type="stmt"/>
      <line num="245" count="4" type="cond" truecount="1" falsecount="1"/>
      <line num="247" count="4" type="stmt"/>
      <line num="262" count="4" type="cond" truecount="1" falsecount="1"/>
      <line num="263" count="4" type="stmt"/>
      <line num="266" count="4" type="cond" truecount="2" falsecount="0"/>
      <line num="267" count="3" type="stmt"/>
      <line num="268" count="3" type="stmt"/>
      <line num="279" count="4" type="stmt"/>
      <line num="280" count="4" type="stmt"/>
      <line num="291" count="2" type="stmt"/>
      <line num="292" count="2" type="stmt"/>
      <line num="296" count="3" type="stmt"/>
      <line num="297" count="3" type="stmt"/>
      <line num="301" count="30" type="stmt"/>
      <line num="302" count="30" type="stmt"/>
      <line num="306" count="3" type="stmt"/>
      <line num="307" count="3" type="stmt"/>
      <line num="311" count="4" type="stmt"/>
      <line num="312" count="4" type="cond" truecount="2" falsecount="0"/>
      <line num="313" count="2" type="stmt"/>
      <line num="315" count="2" type="stmt"/>
      <line num="320" count="1" type="stmt"/>
      <line num="324" count="1" type="stmt"/>
      <line num="328" count="1" type="stmt"/>
      <line num="332" count="1" type="stmt"/>
      <line num="336" count="2" type="stmt"/>
      <line num="340" count="2" type="cond" truecount="2" falsecount="0"/>
      <line num="341" count="1" type="stmt"/>
      <line num="343" count="1" type="stmt"/>
      <line num="348" count="60" type="cond" truecount="2" falsecount="0"/>
      <line num="349" count="25" type="stmt"/>
      <line num="350" count="25" type="stmt"/>
      <line num="352" count="60" type="stmt"/>
      <line num="356" count="1" type="stmt"/>
      <line num="364" count="6" type="stmt"/>
      <line num="365" count="5" type="stmt"/>
      <line num="366" count="5" type="stmt"/>
      <line num="368" count="1" type="stmt"/>
      <line num="370" count="5" type="stmt"/>
      <line num="374" count="7" type="stmt"/>
      <line num="378" count="1" type="stmt"/>
      <line num="382" count="1" type="stmt"/>
      <line num="384" count="1" type="stmt"/>
      <line num="385" count="2" type="stmt"/>
      <line num="388" count="1" type="stmt"/>
      <line num="389" count="8" type="cond" truecount="2" falsecount="0"/>
      <line num="390" count="5" type="stmt"/>
      <line num="392" count="8" type="stmt"/>
      <line num="395" count="1" type="stmt"/>
      <line num="396" count="41" type="cond" truecount="2" falsecount="0"/>
      <line num="397" count="5" type="stmt"/>
      <line num="398" count="5" type="stmt"/>
    </file>
  </project>
</coverage>
