{"/workspace/repos/kai-delegator/src/check-existing-command.ts": {"path":"/workspace/repos/kai-delegator/src/check-existing-command.ts","statementMap":{"0":{"start":{"line":29,"column":0},"end":{"line":29,"column":16}},"1":{"start":{"line":65,"column":0},"end":{"line":65,"column":7}},"2":{"start":{"line":74,"column":0},"end":{"line":74,"column":16}},"3":{"start":{"line":78,"column":0},"end":{"line":78,"column":16}},"4":{"start":{"line":1,"column":0},"end":{"line":1,"column":55}},"5":{"start":{"line":3,"column":0},"end":{"line":3,"column":null}},"6":{"start":{"line":4,"column":2},"end":{"line":4,"column":null}},"7":{"start":{"line":5,"column":2},"end":{"line":5,"column":null}},"8":{"start":{"line":6,"column":2},"end":{"line":6,"column":null}},"9":{"start":{"line":19,"column":46},"end":{"line":22,"column":2}},"10":{"start":{"line":24,"column":46},"end":{"line":27,"column":2}},"11":{"start":{"line":32,"column":2},"end":{"line":38,"column":3}},"12":{"start":{"line":33,"column":4},"end":{"line":37,"column":6}},"13":{"start":{"line":40,"column":21},"end":{"line":40,"column":36}},"14":{"start":{"line":42,"column":2},"end":{"line":48,"column":3}},"15":{"start":{"line":43,"column":4},"end":{"line":47,"column":6}},"16":{"start":{"line":50,"column":2},"end":{"line":56,"column":3}},"17":{"start":{"line":51,"column":4},"end":{"line":55,"column":6}},"18":{"start":{"line":58,"column":2},"end":{"line":62,"column":4}},"19":{"start":{"line":70,"column":26},"end":{"line":70,"column":82}},"20":{"start":{"line":71,"column":2},"end":{"line":71,"column":50}},"21":{"start":{"line":75,"column":2},"end":{"line":75,"column":44}},"22":{"start":{"line":79,"column":2},"end":{"line":79,"column":44}}},"fnMap":{"0":{"name":"(anonymous_0)","decl":{"start":{"line":3,"column":0},"end":{"line":3,"column":12}},"loc":{"start":{"line":3,"column":33},"end":{"line":7,"column":1}}},"1":{"name":"checkExistingKaiCommand","decl":{"start":{"line":29,"column":16},"end":{"line":29,"column":39}},"loc":{"start":{"line":30,"column":36},"end":{"line":63,"column":1}}},"2":{"name":"findAndCheckExistingCommand","decl":{"start":{"line":65,"column":22},"end":{"line":65,"column":49}},"loc":{"start":{"line":68,"column":44},"end":{"line":72,"column":1}}},"3":{"name":"isStatusReusable","decl":{"start":{"line":74,"column":16},"end":{"line":74,"column":32}},"loc":{"start":{"line":74,"column":57},"end":{"line":76,"column":1}}},"4":{"name":"isStatusBlocking","decl":{"start":{"line":78,"column":16},"end":{"line":78,"column":32}},"loc":{"start":{"line":78,"column":57},"end":{"line":80,"column":1}}}},"branchMap":{"0":{"loc":{"start":{"line":3,"column":12},"end":{"line":3,"column":null}},"type":"binary-expr","locations":[{"start":{"line":3,"column":12},"end":{"line":3,"column":33}},{"start":{"line":3,"column":33},"end":{"line":3,"column":null}}]},"1":{"loc":{"start":{"line":32,"column":2},"end":{"line":38,"column":3}},"type":"if","locations":[{"start":{"line":32,"column":2},"end":{"line":38,"column":3}},{"start":{},"end":{}}]},"2":{"loc":{"start":{"line":42,"column":2},"end":{"line":48,"column":3}},"type":"if","locations":[{"start":{"line":42,"column":2},"end":{"line":48,"column":3}},{"start":{},"end":{}}]},"3":{"loc":{"start":{"line":50,"column":2},"end":{"line":56,"column":3}},"type":"if","locations":[{"start":{"line":50,"column":2},"end":{"line":56,"column":3}},{"start":{},"end":{}}]}},"s":{"0":1,"1":1,"2":1,"3":1,"4":1,"5":1,"6":1,"7":1,"8":1,"9":1,"10":1,"11":11,"12":2,"13":9,"14":9,"15":4,"16":5,"17":4,"18":1,"19":5,"20":5,"21":4,"22":4},"f":{"0":1,"1":11,"2":5,"3":4,"4":4},"b":{"0":[1,1],"1":[2,9],"2":[4,5],"3":[4,1]}}
,"/workspace/repos/kai-delegator/src/cleanup-duplicates.ts": {"path":"/workspace/repos/kai-delegator/src/cleanup-duplicates.ts","statementMap":{"0":{"start":{"line":3,"column":0},"end":{"line":3,"column":16}},"1":{"start":{"line":17,"column":0},"end":{"line":17,"column":16}},"2":{"start":{"line":25,"column":0},"end":{"line":25,"column":16}},"3":{"start":{"line":33,"column":0},"end":{"line":33,"column":16}},"4":{"start":{"line":44,"column":0},"end":{"line":44,"column":7}},"5":{"start":{"line":1,"column":0},"end":{"line":1,"column":70}},"6":{"start":{"line":4,"column":24},"end":{"line":4,"column":55}},"7":{"start":{"line":6,"column":2},"end":{"line":12,"column":3}},"8":{"start":{"line":7,"column":19},"end":{"line":7,"column":29}},"9":{"start":{"line":8,"column":4},"end":{"line":10,"column":5}},"10":{"start":{"line":9,"column":6},"end":{"line":9,"column":36}},"11":{"start":{"line":11,"column":4},"end":{"line":11,"column":41}},"12":{"start":{"line":14,"column":2},"end":{"line":14,"column":23}},"13":{"start":{"line":18,"column":2},"end":{"line":22,"column":5}},"14":{"start":{"line":19,"column":4},"end":{"line":19,"column":98}},"15":{"start":{"line":19,"column":88},"end":{"line":19,"column":98}},"16":{"start":{"line":20,"column":4},"end":{"line":20,"column":97}},"17":{"start":{"line":20,"column":88},"end":{"line":20,"column":97}},"18":{"start":{"line":21,"column":4},"end":{"line":21,"column":77}},"19":{"start":{"line":26,"column":17},"end":{"line":26,"column":49}},"20":{"start":{"line":27,"column":2},"end":{"line":30,"column":4}},"21":{"start":{"line":34,"column":2},"end":{"line":35,"column":69}},"22":{"start":{"line":48,"column":2},"end":{"line":48,"column":49}},"23":{"start":{"line":50,"column":22},"end":{"line":50,"column":62}},"24":{"start":{"line":52,"column":2},"end":{"line":56,"column":3}},"25":{"start":{"line":53,"column":4},"end":{"line":53,"column":47}},"26":{"start":{"line":54,"column":4},"end":{"line":54,"column":34}},"27":{"start":{"line":55,"column":4},"end":{"line":55,"column":53}},"28":{"start":{"line":58,"column":24},"end":{"line":58,"column":56}},"29":{"start":{"line":60,"column":26},"end":{"line":60,"column":27}},"30":{"start":{"line":61,"column":21},"end":{"line":61,"column":22}},"31":{"start":{"line":63,"column":2},"end":{"line":85,"column":3}},"32":{"start":{"line":64,"column":4},"end":{"line":67,"column":5}},"33":{"start":{"line":65,"column":6},"end":{"line":65,"column":38}},"34":{"start":{"line":66,"column":6},"end":{"line":66,"column":15}},"35":{"start":{"line":69,"column":20},"end":{"line":69,"column":46}},"36":{"start":{"line":70,"column":4},"end":{"line":70,"column":71}},"37":{"start":{"line":72,"column":29},"end":{"line":72,"column":61}},"38":{"start":{"line":74,"column":4},"end":{"line":74,"column":74}},"39":{"start":{"line":76,"column":4},"end":{"line":81,"column":5}},"40":{"start":{"line":77,"column":6},"end":{"line":77,"column":75}},"41":{"start":{"line":79,"column":6},"end":{"line":79,"column":38}},"42":{"start":{"line":80,"column":6},"end":{"line":80,"column":26}},"43":{"start":{"line":83,"column":4},"end":{"line":83,"column":19}},"44":{"start":{"line":84,"column":4},"end":{"line":84,"column":15}},"45":{"start":{"line":87,"column":2},"end":{"line":87,"column":45}},"46":{"start":{"line":88,"column":2},"end":{"line":88,"column":20}},"47":{"start":{"line":89,"column":2},"end":{"line":89,"column":58}},"48":{"start":{"line":90,"column":2},"end":{"line":90,"column":52}},"49":{"start":{"line":92,"column":2},"end":{"line":92,"column":32}},"50":{"start":{"line":94,"column":2},"end":{"line":94,"column":45}}},"fnMap":{"0":{"name":"groupCommandsByTask","decl":{"start":{"line":3,"column":16},"end":{"line":3,"column":35}},"loc":{"start":{"line":3,"column":58},"end":{"line":15,"column":1}}},"1":{"name":"sortCommandsByPriority","decl":{"start":{"line":17,"column":16},"end":{"line":17,"column":38}},"loc":{"start":{"line":17,"column":61},"end":{"line":23,"column":1}}},"2":{"name":"(anonymous_2)","decl":{"start":{"line":18,"column":23},"end":{"line":18,"column":24}},"loc":{"start":{"line":18,"column":32},"end":{"line":22,"column":3}}},"3":{"name":"selectCommandsToRemove","decl":{"start":{"line":25,"column":16},"end":{"line":25,"column":38}},"loc":{"start":{"line":25,"column":61},"end":{"line":31,"column":1}}},"4":{"name":"formatTaskKey","decl":{"start":{"line":33,"column":16},"end":{"line":33,"column":29}},"loc":{"start":{"line":33,"column":49},"end":{"line":36,"column":1}}},"5":{"name":"cleanupDuplicateCommands","decl":{"start":{"line":44,"column":22},"end":{"line":44,"column":46}},"loc":{"start":{"line":46,"column":49},"end":{"line":95,"column":1}}}},"branchMap":{"0":{"loc":{"start":{"line":8,"column":4},"end":{"line":10,"column":5}},"type":"if","locations":[{"start":{"line":8,"column":4},"end":{"line":10,"column":5}},{"start":{},"end":{}}]},"1":{"loc":{"start":{"line":19,"column":4},"end":{"line":19,"column":98}},"type":"if","locations":[{"start":{"line":19,"column":4},"end":{"line":19,"column":98}},{"start":{},"end":{}}]},"2":{"loc":{"start":{"line":19,"column":8},"end":{"line":19,"column":86}},"type":"binary-expr","locations":[{"start":{"line":19,"column":8},"end":{"line":19,"column":45}},{"start":{"line":19,"column":49},"end":{"line":19,"column":86}}]},"3":{"loc":{"start":{"line":20,"column":4},"end":{"line":20,"column":97}},"type":"if","locations":[{"start":{"line":20,"column":4},"end":{"line":20,"column":97}},{"start":{},"end":{}}]},"4":{"loc":{"start":{"line":20,"column":8},"end":{"line":20,"column":86}},"type":"binary-expr","locations":[{"start":{"line":20,"column":8},"end":{"line":20,"column":45}},{"start":{"line":20,"column":49},"end":{"line":20,"column":86}}]},"5":{"loc":{"start":{"line":34,"column":9},"end":{"line":35,"column":68}},"type":"binary-expr","locations":[{"start":{"line":34,"column":9},"end":{"line":34,"column":32}},{"start":{"line":35,"column":4},"end":{"line":35,"column":68}}]},"6":{"loc":{"start":{"line":35,"column":7},"end":{"line":35,"column":42}},"type":"binary-expr","locations":[{"start":{"line":35,"column":7},"end":{"line":35,"column":32}},{"start":{"line":35,"column":36},"end":{"line":35,"column":42}}]},"7":{"loc":{"start":{"line":46,"column":2},"end":{"line":46,"column":49}},"type":"default-arg","locations":[{"start":{"line":46,"column":38},"end":{"line":46,"column":49}}]},"8":{"loc":{"start":{"line":52,"column":2},"end":{"line":56,"column":3}},"type":"if","locations":[{"start":{"line":52,"column":2},"end":{"line":56,"column":3}},{"start":{},"end":{}}]},"9":{"loc":{"start":{"line":64,"column":4},"end":{"line":67,"column":5}},"type":"if","locations":[{"start":{"line":64,"column":4},"end":{"line":67,"column":5}},{"start":{},"end":{}}]}},"s":{"0":1,"1":1,"2":1,"3":1,"4":1,"5":1,"6":6,"7":6,"8":13,"9":13,"10":8,"11":13,"12":6,"13":9,"14":11,"15":4,"16":7,"17":2,"18":5,"19":6,"20":6,"21":7,"22":5,"23":5,"24":5,"25":1,"26":1,"27":1,"28":4,"29":4,"30":4,"31":4,"32":6,"33":2,"34":2,"35":4,"36":4,"37":4,"38":4,"39":4,"40":4,"41":4,"42":4,"43":4,"44":4,"45":4,"46":4,"47":4,"48":4,"49":4,"50":4},"f":{"0":6,"1":9,"2":11,"3":6,"4":7,"5":5},"b":{"0":[8,5],"1":[4,7],"2":[11,4],"3":[2,5],"4":[7,7],"5":[7,6],"6":[6,1],"7":[4],"8":[1,4],"9":[2,4]}}
,"/workspace/repos/kai-delegator/src/coding-agent-factory.ts": {"path":"/workspace/repos/kai-delegator/src/coding-agent-factory.ts","statementMap":{"0":{"start":{"line":20,"column":0},"end":{"line":20,"column":16}},"1":{"start":{"line":24,"column":0},"end":{"line":24,"column":16}},"2":{"start":{"line":43,"column":0},"end":{"line":43,"column":16}},"3":{"start":{"line":57,"column":0},"end":{"line":57,"column":16}},"4":{"start":{"line":61,"column":0},"end":{"line":61,"column":16}},"5":{"start":{"line":2,"column":0},"end":{"line":2,"column":9}},"6":{"start":{"line":65,"column":9},"end":{"line":2,"column":26}},"7":{"start":{"line":65,"column":26},"end":{"line":2,"column":77}},"8":{"start":{"line":11,"column":57},"end":{"line":14,"column":2}},"9":{"start":{"line":16,"column":22},"end":{"line":18,"column":2}},"10":{"start":{"line":17,"column":17},"end":{"line":17,"column":40}},"11":{"start":{"line":21,"column":2},"end":{"line":21,"column":35}},"12":{"start":{"line":28,"column":18},"end":{"line":28,"column":41}},"13":{"start":{"line":30,"column":2},"end":{"line":32,"column":3}},"14":{"start":{"line":31,"column":4},"end":{"line":31,"column":123}},"15":{"start":{"line":34,"column":16},"end":{"line":34,"column":25}},"16":{"start":{"line":36,"column":2},"end":{"line":38,"column":3}},"17":{"start":{"line":37,"column":4},"end":{"line":37,"column":28}},"18":{"start":{"line":40,"column":2},"end":{"line":40,"column":15}},"19":{"start":{"line":46,"column":43},"end":{"line":49,"column":4}},"20":{"start":{"line":51,"column":20},"end":{"line":51,"column":39}},"21":{"start":{"line":52,"column":22},"end":{"line":52,"column":46}},"22":{"start":{"line":54,"column":2},"end":{"line":54,"column":51}},"23":{"start":{"line":58,"column":2},"end":{"line":58,"column":42}},"24":{"start":{"line":62,"column":2},"end":{"line":62,"column":33}}},"fnMap":{"0":{"name":"(anonymous_0)","decl":{"start":{"line":65,"column":9},"end":{"line":65,"column":24}},"loc":{"start":{"line":65,"column":9},"end":{"line":2,"column":26}}},"1":{"name":"(anonymous_1)","decl":{"start":{"line":65,"column":26},"end":{"line":65,"column":47}},"loc":{"start":{"line":65,"column":26},"end":{"line":2,"column":77}}},"2":{"name":"(anonymous_2)","decl":{"start":{"line":17,"column":11},"end":{"line":17,"column":14}},"loc":{"start":{"line":17,"column":17},"end":{"line":17,"column":40}}},"3":{"name":"registerAgent","decl":{"start":{"line":20,"column":16},"end":{"line":20,"column":29}},"loc":{"start":{"line":20,"column":79},"end":{"line":22,"column":1}}},"4":{"name":"createCodingAgent","decl":{"start":{"line":24,"column":16},"end":{"line":24,"column":33}},"loc":{"start":{"line":26,"column":37},"end":{"line":41,"column":1}}},"5":{"name":"createCodingAgentFromConfig","decl":{"start":{"line":43,"column":16},"end":{"line":43,"column":43}},"loc":{"start":{"line":44,"column":55},"end":{"line":55,"column":1}}},"6":{"name":"getAvailableAgents","decl":{"start":{"line":57,"column":16},"end":{"line":57,"column":34}},"loc":{"start":{"line":57,"column":34},"end":{"line":59,"column":1}}},"7":{"name":"isAgentAvailable","decl":{"start":{"line":61,"column":16},"end":{"line":61,"column":32}},"loc":{"start":{"line":61,"column":54},"end":{"line":63,"column":1}}}},"branchMap":{"0":{"loc":{"start":{"line":25,"column":2},"end":{"line":25,"column":32}},"type":"default-arg","locations":[{"start":{"line":25,"column":26},"end":{"line":25,"column":32}}]},"1":{"loc":{"start":{"line":30,"column":2},"end":{"line":32,"column":3}},"type":"if","locations":[{"start":{"line":30,"column":2},"end":{"line":32,"column":3}},{"start":{},"end":{}}]},"2":{"loc":{"start":{"line":36,"column":2},"end":{"line":38,"column":3}},"type":"if","locations":[{"start":{"line":36,"column":2},"end":{"line":38,"column":3}},{"start":{},"end":{}}]},"3":{"loc":{"start":{"line":44,"column":2},"end":{"line":44,"column":55}},"type":"default-arg","locations":[{"start":{"line":44,"column":53},"end":{"line":44,"column":55}}]}},"s":{"0":1,"1":1,"2":1,"3":1,"4":1,"5":1,"6":1,"7":1,"8":1,"9":1,"10":5,"11":1,"12":7,"13":7,"14":1,"15":6,"16":6,"17":1,"18":6,"19":2,"20":2,"21":2,"22":2,"23":1,"24":3},"f":{"0":0,"1":0,"2":5,"3":1,"4":7,"5":2,"6":1,"7":3},"b":{"0":[1],"1":[1,6],"2":[1,5],"3":[1]}}
,"/workspace/repos/kai-delegator/src/delegator-config.ts": {"path":"/workspace/repos/kai-delegator/src/delegator-config.ts","statementMap":{"0":{"start":{"line":1,"column":13},"end":{"line":12,"column":11}},"1":{"start":{"line":14,"column":13},"end":{"line":19,"column":11}}},"fnMap":{},"branchMap":{},"s":{"0":0,"1":0},"f":{},"b":{}}
,"/workspace/repos/kai-delegator/src/kilo-coding-agent.ts": {"path":"/workspace/repos/kai-delegator/src/kilo-coding-agent.ts","statementMap":{"0":{"start":{"line":183,"column":0},"end":{"line":183,"column":16}},"1":{"start":{"line":1,"column":0},"end":{"line":1,"column":37}},"2":{"start":{"line":2,"column":0},"end":{"line":2,"column":33}},"3":{"start":{"line":3,"column":0},"end":{"line":3,"column":25}},"4":{"start":{"line":4,"column":0},"end":{"line":4,"column":29}},"5":{"start":{"line":14,"column":18},"end":{"line":14,"column":33}},"6":{"start":{"line":16,"column":42},"end":{"line":22,"column":2}},"7":{"start":{"line":25,"column":18},"end":{"line":25,"column":24}},"8":{"start":{"line":27,"column":45},"end":{"line":27,"column":51}},"9":{"start":{"line":30,"column":4},"end":{"line":30,"column":51}},"10":{"start":{"line":34,"column":4},"end":{"line":34,"column":21}},"11":{"start":{"line":38,"column":4},"end":{"line":38,"column":48}},"12":{"start":{"line":42,"column":4},"end":{"line":50,"column":5}},"13":{"start":{"line":43,"column":21},"end":{"line":43,"column":45}},"14":{"start":{"line":44,"column":6},"end":{"line":46,"column":7}},"15":{"start":{"line":45,"column":8},"end":{"line":45,"column":29}},"16":{"start":{"line":47,"column":6},"end":{"line":47,"column":32}},"17":{"start":{"line":49,"column":6},"end":{"line":49,"column":21}},"18":{"start":{"line":54,"column":16},"end":{"line":54,"column":26}},"19":{"start":{"line":56,"column":4},"end":{"line":86,"column":5}},"20":{"start":{"line":57,"column":25},"end":{"line":59,"column":8}},"21":{"start":{"line":61,"column":22},"end":{"line":61,"column":35}},"22":{"start":{"line":63,"column":27},"end":{"line":63,"column":64}},"23":{"start":{"line":64,"column":6},"end":{"line":71,"column":7}},"24":{"start":{"line":65,"column":8},"end":{"line":70,"column":10}},"25":{"start":{"line":73,"column":6},"end":{"line":78,"column":8}},"26":{"start":{"line":80,"column":27},"end":{"line":80,"column":83}},"27":{"start":{"line":81,"column":6},"end":{"line":85,"column":8}},"28":{"start":{"line":90,"column":4},"end":{"line":90,"column":32}},"29":{"start":{"line":92,"column":4},"end":{"line":133,"column":5}},"30":{"start":{"line":93,"column":33},"end":{"line":100,"column":null}},"31":{"start":{"line":103,"column":21},"end":{"line":103,"column":55}},"32":{"start":{"line":104,"column":29},"end":{"line":105,"column":null}},"33":{"start":{"line":108,"column":23},"end":{"line":109,"column":91}},"34":{"start":{"line":111,"column":6},"end":{"line":111,"column":34}},"35":{"start":{"line":113,"column":6},"end":{"line":119,"column":8}},"36":{"start":{"line":121,"column":6},"end":{"line":121,"column":35}},"37":{"start":{"line":123,"column":27},"end":{"line":123,"column":83}},"38":{"start":{"line":124,"column":24},"end":{"line":124,"column":56}},"39":{"start":{"line":126,"column":6},"end":{"line":132,"column":8}},"40":{"start":{"line":137,"column":4},"end":{"line":159,"column":5}},"41":{"start":{"line":138,"column":26},"end":{"line":141,"column":null}},"42":{"start":{"line":144,"column":6},"end":{"line":146,"column":7}},"43":{"start":{"line":145,"column":8},"end":{"line":145,"column":18}},"44":{"start":{"line":148,"column":20},"end":{"line":148,"column":44}},"45":{"start":{"line":149,"column":23},"end":{"line":149,"column":70}},"46":{"start":{"line":150,"column":21},"end":{"line":150,"column":43}},"47":{"start":{"line":151,"column":17},"end":{"line":151,"column":46}},"48":{"start":{"line":152,"column":23},"end":{"line":152,"column":57}},"49":{"start":{"line":153,"column":6},"end":{"line":153,"column":53}},"50":{"start":{"line":154,"column":6},"end":{"line":154,"column":23}},"51":{"start":{"line":156,"column":6},"end":{"line":156,"column":38}},"52":{"start":{"line":158,"column":6},"end":{"line":158,"column":16}},"53":{"start":{"line":163,"column":4},"end":{"line":165,"column":5}},"54":{"start":{"line":164,"column":6},"end":{"line":164,"column":20}},"55":{"start":{"line":166,"column":4},"end":{"line":166,"column":71}},"56":{"start":{"line":170,"column":31},"end":{"line":177,"column":6}},"57":{"start":{"line":179,"column":4},"end":{"line":179,"column":76}},"58":{"start":{"line":179,"column":48},"end":{"line":179,"column":74}},"59":{"start":{"line":24,"column":0},"end":{"line":24,"column":13}},"60":{"start":{"line":184,"column":2},"end":{"line":184,"column":37}}},"fnMap":{"0":{"name":"(anonymous_9)","decl":{"start":{"line":29,"column":2},"end":{"line":29,"column":14}},"loc":{"start":{"line":29,"column":53},"end":{"line":31,"column":3}}},"1":{"name":"(anonymous_10)","decl":{"start":{"line":33,"column":2},"end":{"line":33,"column":9}},"loc":{"start":{"line":33,"column":9},"end":{"line":35,"column":3}}},"2":{"name":"(anonymous_11)","decl":{"start":{"line":37,"column":2},"end":{"line":37,"column":11}},"loc":{"start":{"line":37,"column":46},"end":{"line":39,"column":3}}},"3":{"name":"(anonymous_12)","decl":{"start":{"line":41,"column":2},"end":{"line":41,"column":7}},"loc":{"start":{"line":41,"column":17},"end":{"line":51,"column":3}}},"4":{"name":"(anonymous_13)","decl":{"start":{"line":53,"column":2},"end":{"line":53,"column":7}},"loc":{"start":{"line":53,"column":19},"end":{"line":87,"column":3}}},"5":{"name":"(anonymous_14)","decl":{"start":{"line":89,"column":2},"end":{"line":89,"column":7}},"loc":{"start":{"line":89,"column":30},"end":{"line":134,"column":3}}},"6":{"name":"(anonymous_15)","decl":{"start":{"line":136,"column":10},"end":{"line":136,"column":25}},"loc":{"start":{"line":136,"column":41},"end":{"line":160,"column":3}}},"7":{"name":"(anonymous_16)","decl":{"start":{"line":162,"column":10},"end":{"line":162,"column":24}},"loc":{"start":{"line":162,"column":39},"end":{"line":167,"column":3}}},"8":{"name":"(anonymous_17)","decl":{"start":{"line":169,"column":10},"end":{"line":169,"column":23}},"loc":{"start":{"line":169,"column":38},"end":{"line":180,"column":3}}},"9":{"name":"(anonymous_18)","decl":{"start":{"line":179,"column":35},"end":{"line":179,"column":36}},"loc":{"start":{"line":179,"column":48},"end":{"line":179,"column":74}}},"10":{"name":"createKiloCodingAgent","decl":{"start":{"line":183,"column":16},"end":{"line":183,"column":37}},"loc":{"start":{"line":183,"column":73},"end":{"line":185,"column":1}}}},"branchMap":{"0":{"loc":{"start":{"line":29,"column":14},"end":{"line":29,"column":53}},"type":"default-arg","locations":[{"start":{"line":29,"column":51},"end":{"line":29,"column":53}}]},"1":{"loc":{"start":{"line":44,"column":6},"end":{"line":46,"column":7}},"type":"if","locations":[{"start":{"line":44,"column":6},"end":{"line":46,"column":7}},{"start":{},"end":{}}]},"2":{"loc":{"start":{"line":64,"column":6},"end":{"line":71,"column":7}},"type":"if","locations":[{"start":{"line":64,"column":6},"end":{"line":71,"column":7}},{"start":{},"end":{}}]},"3":{"loc":{"start":{"line":80,"column":27},"end":{"line":80,"column":83}},"type":"cond-expr","locations":[{"start":{"line":80,"column":52},"end":{"line":80,"column":65}},{"start":{"line":80,"column":68},"end":{"line":80,"column":83}}]},"4":{"loc":{"start":{"line":108,"column":23},"end":{"line":109,"column":91}},"type":"binary-expr","locations":[{"start":{"line":108,"column":23},"end":{"line":108,"column":57}},{"start":{"line":109,"column":24},"end":{"line":109,"column":30}},{"start":{"line":109,"column":34},"end":{"line":109,"column":58}},{"start":{"line":109,"column":62},"end":{"line":109,"column":90}}]},"5":{"loc":{"start":{"line":116,"column":15},"end":{"line":116,"column":73}},"type":"cond-expr","locations":[{"start":{"line":116,"column":26},"end":{"line":116,"column":61}},{"start":{"line":116,"column":64},"end":{"line":116,"column":73}}]},"6":{"loc":{"start":{"line":118,"column":18},"end":{"line":118,"column":34}},"type":"cond-expr","locations":[{"start":{"line":118,"column":29},"end":{"line":118,"column":30}},{"start":{"line":118,"column":33},"end":{"line":118,"column":34}}]},"7":{"loc":{"start":{"line":123,"column":27},"end":{"line":123,"column":83}},"type":"cond-expr","locations":[{"start":{"line":123,"column":52},"end":{"line":123,"column":65}},{"start":{"line":123,"column":68},"end":{"line":123,"column":83}}]},"8":{"loc":{"start":{"line":129,"column":15},"end":{"line":129,"column":61}},"type":"cond-expr","locations":[{"start":{"line":129,"column":27},"end":{"line":129,"column":46}},{"start":{"line":129,"column":49},"end":{"line":129,"column":61}}]},"9":{"loc":{"start":{"line":144,"column":6},"end":{"line":146,"column":7}},"type":"if","locations":[{"start":{"line":144,"column":6},"end":{"line":146,"column":7}},{"start":{},"end":{}}]},"10":{"loc":{"start":{"line":163,"column":4},"end":{"line":165,"column":5}},"type":"if","locations":[{"start":{"line":163,"column":4},"end":{"line":165,"column":5}},{"start":{},"end":{}}]},"11":{"loc":{"start":{"line":163,"column":8},"end":{"line":163,"column":61}},"type":"binary-expr","locations":[{"start":{"line":163,"column":8},"end":{"line":163,"column":15}},{"start":{"line":163,"column":19},"end":{"line":163,"column":61}}]},"12":{"loc":{"start":{"line":179,"column":61},"end":{"line":179,"column":73}},"type":"binary-expr","locations":[{"start":{"line":179,"column":61},"end":{"line":179,"column":67}},{"start":{"line":179,"column":71},"end":{"line":179,"column":73}}]}},"s":{"0":1,"1":1,"2":1,"3":1,"4":1,"5":1,"6":1,"7":12,"8":12,"9":12,"10":6,"11":2,"12":1,"13":1,"14":1,"15":1,"16":0,"17":0,"18":3,"19":3,"20":3,"21":3,"22":3,"23":3,"24":3,"25":0,"26":0,"27":0,"28":0,"29":0,"30":0,"31":0,"32":0,"33":0,"34":0,"35":0,"36":0,"37":0,"38":0,"39":0,"40":0,"41":0,"42":0,"43":0,"44":0,"45":0,"46":0,"47":0,"48":0,"49":0,"50":0,"51":0,"52":0,"53":0,"54":0,"55":0,"56":0,"57":0,"58":0,"59":1,"60":7},"f":{"0":12,"1":6,"2":2,"3":1,"4":3,"5":0,"6":0,"7":0,"8":0,"9":0,"10":7},"b":{"0":[6],"1":[1,0],"2":[3,0],"3":[0,0],"4":[0,0,0,0],"5":[0,0],"6":[0,0],"7":[0,0],"8":[0,0],"9":[0,0],"10":[0,0],"11":[0,0],"12":[0,0]}}
,"/workspace/repos/kai-delegator/src/model-alternator.ts": {"path":"/workspace/repos/kai-delegator/src/model-alternator.ts","statementMap":{"0":{"start":{"line":31,"column":0},"end":{"line":31,"column":16}},"1":{"start":{"line":1,"column":13},"end":{"line":4,"column":11}},"2":{"start":{"line":9,"column":31},"end":{"line":9,"column":32}},"3":{"start":{"line":12,"column":20},"end":{"line":12,"column":35}},"4":{"start":{"line":13,"column":4},"end":{"line":13,"column":48}},"5":{"start":{"line":14,"column":4},"end":{"line":14,"column":19}},"6":{"start":{"line":18,"column":23},"end":{"line":18,"column":47}},"7":{"start":{"line":19,"column":4},"end":{"line":19,"column":56}},"8":{"start":{"line":23,"column":4},"end":{"line":23,"column":27}},"9":{"start":{"line":27,"column":4},"end":{"line":27,"column":24}},"10":{"start":{"line":8,"column":0},"end":{"line":8,"column":13}},"11":{"start":{"line":32,"column":2},"end":{"line":32,"column":31}}},"fnMap":{"0":{"name":"(anonymous_0)","decl":{"start":{"line":11,"column":2},"end":{"line":11,"column":19}},"loc":{"start":{"line":11,"column":19},"end":{"line":15,"column":3}}},"1":{"name":"(anonymous_1)","decl":{"start":{"line":17,"column":2},"end":{"line":17,"column":14}},"loc":{"start":{"line":17,"column":14},"end":{"line":20,"column":3}}},"2":{"name":"(anonymous_2)","decl":{"start":{"line":22,"column":2},"end":{"line":22,"column":22}},"loc":{"start":{"line":22,"column":22},"end":{"line":24,"column":3}}},"3":{"name":"(anonymous_3)","decl":{"start":{"line":26,"column":2},"end":{"line":26,"column":7}},"loc":{"start":{"line":26,"column":7},"end":{"line":28,"column":3}}},"4":{"name":"createModelAlternator","decl":{"start":{"line":31,"column":16},"end":{"line":31,"column":37}},"loc":{"start":{"line":31,"column":37},"end":{"line":33,"column":1}}}},"branchMap":{"0":{"loc":{"start":{"line":19,"column":11},"end":{"line":19,"column":55}},"type":"cond-expr","locations":[{"start":{"line":19,"column":30},"end":{"line":19,"column":41}},{"start":{"line":19,"column":44},"end":{"line":19,"column":55}}]}},"s":{"0":1,"1":1,"2":11,"3":20,"4":20,"5":20,"6":5,"7":5,"8":8,"9":1,"10":1,"11":3},"f":{"0":20,"1":5,"2":8,"3":1,"4":3},"b":{"0":[3,2]}}
,"/workspace/repos/kai-delegator/src/process-health-monitor.ts": {"path":"/workspace/repos/kai-delegator/src/process-health-monitor.ts","statementMap":{"0":{"start":{"line":69,"column":0},"end":{"line":69,"column":16}},"1":{"start":{"line":291,"column":0},"end":{"line":291,"column":16}},"2":{"start":{"line":295,"column":0},"end":{"line":295,"column":16}},"3":{"start":{"line":1,"column":0},"end":{"line":1,"column":44}},"4":{"start":{"line":2,"column":0},"end":{"line":2,"column":33}},"5":{"start":{"line":4,"column":18},"end":{"line":4,"column":33}},"6":{"start":{"line":47,"column":42},"end":{"line":55,"column":2}},"7":{"start":{"line":57,"column":30},"end":{"line":67,"column":2}},"8":{"start":{"line":70,"column":2},"end":{"line":70,"column":68}},"9":{"start":{"line":70,"column":47},"end":{"line":70,"column":66}},"10":{"start":{"line":75,"column":48},"end":{"line":75,"column":57}},"11":{"start":{"line":76,"column":49},"end":{"line":76,"column":53}},"12":{"start":{"line":77,"column":46},"end":{"line":77,"column":55}},"13":{"start":{"line":78,"column":90},"end":{"line":78,"column":94}},"14":{"start":{"line":81,"column":4},"end":{"line":81,"column":51}},"15":{"start":{"line":85,"column":4},"end":{"line":85,"column":48}},"16":{"start":{"line":89,"column":4},"end":{"line":89,"column":35}},"17":{"start":{"line":93,"column":37},"end":{"line":99,"column":6}},"18":{"start":{"line":101,"column":4},"end":{"line":101,"column":47}},"19":{"start":{"line":102,"column":4},"end":{"line":102,"column":33}},"20":{"start":{"line":106,"column":17},"end":{"line":106,"column":46}},"21":{"start":{"line":107,"column":4},"end":{"line":109,"column":5}},"22":{"start":{"line":108,"column":6},"end":{"line":108,"column":39}},"23":{"start":{"line":110,"column":4},"end":{"line":110,"column":37}},"24":{"start":{"line":114,"column":4},"end":{"line":114,"column":47}},"25":{"start":{"line":118,"column":4},"end":{"line":123,"column":5}},"26":{"start":{"line":119,"column":6},"end":{"line":119,"column":27}},"27":{"start":{"line":120,"column":6},"end":{"line":120,"column":18}},"28":{"start":{"line":122,"column":6},"end":{"line":122,"column":19}},"29":{"start":{"line":127,"column":4},"end":{"line":149,"column":5}},"30":{"start":{"line":128,"column":25},"end":{"line":130,"column":null}},"31":{"start":{"line":133,"column":20},"end":{"line":133,"column":46}},"32":{"start":{"line":134,"column":25},"end":{"line":134,"column":50}},"33":{"start":{"line":135,"column":20},"end":{"line":135,"column":47}},"34":{"start":{"line":136,"column":23},"end":{"line":136,"column":47}},"35":{"start":{"line":138,"column":6},"end":{"line":142,"column":8}},"36":{"start":{"line":144,"column":6},"end":{"line":148,"column":8}},"37":{"start":{"line":153,"column":42},"end":{"line":153,"column":53}},"38":{"start":{"line":154,"column":16},"end":{"line":154,"column":26}},"39":{"start":{"line":155,"column":22},"end":{"line":155,"column":47}},"40":{"start":{"line":156,"column":22},"end":{"line":156,"column":92}},"41":{"start":{"line":158,"column":20},"end":{"line":158,"column":53}},"42":{"start":{"line":159,"column":20},"end":{"line":159,"column":119}},"43":{"start":{"line":161,"column":20},"end":{"line":161,"column":42}},"44":{"start":{"line":162,"column":23},"end":{"line":162,"column":41}},"45":{"start":{"line":164,"column":18},"end":{"line":164,"column":48}},"46":{"start":{"line":165,"column":4},"end":{"line":165,"column":37}},"47":{"start":{"line":166,"column":4},"end":{"line":168,"column":5}},"48":{"start":{"line":167,"column":6},"end":{"line":167,"column":67}},"49":{"start":{"line":169,"column":4},"end":{"line":169,"column":38}},"50":{"start":{"line":171,"column":40},"end":{"line":179,"column":6}},"51":{"start":{"line":181,"column":43},"end":{"line":181,"column":49}},"52":{"start":{"line":182,"column":17},"end":{"line":182,"column":19}},"53":{"start":{"line":184,"column":4},"end":{"line":198,"column":5}},"54":{"start":{"line":185,"column":6},"end":{"line":185,"column":22}},"55":{"start":{"line":186,"column":6},"end":{"line":186,"column":61}},"56":{"start":{"line":187,"column":11},"end":{"line":198,"column":5}},"57":{"start":{"line":188,"column":6},"end":{"line":188,"column":22}},"58":{"start":{"line":189,"column":25},"end":{"line":189,"column":54}},"59":{"start":{"line":190,"column":25},"end":{"line":190,"column":54}},"60":{"start":{"line":191,"column":6},"end":{"line":191,"column":120}},"61":{"start":{"line":192,"column":11},"end":{"line":198,"column":5}},"62":{"start":{"line":193,"column":6},"end":{"line":193,"column":22}},"63":{"start":{"line":194,"column":6},"end":{"line":194,"column":67}},"64":{"start":{"line":195,"column":11},"end":{"line":198,"column":5}},"65":{"start":{"line":196,"column":6},"end":{"line":196,"column":22}},"66":{"start":{"line":197,"column":6},"end":{"line":197,"column":58}},"67":{"start":{"line":200,"column":4},"end":{"line":205,"column":6}},"68":{"start":{"line":209,"column":4},"end":{"line":230,"column":5}},"69":{"start":{"line":210,"column":22},"end":{"line":210,"column":55}},"70":{"start":{"line":211,"column":6},"end":{"line":213,"column":7}},"71":{"start":{"line":212,"column":8},"end":{"line":212,"column":20}},"72":{"start":{"line":215,"column":6},"end":{"line":215,"column":35}},"73":{"start":{"line":217,"column":6},"end":{"line":217,"column":62}},"74":{"start":{"line":217,"column":35},"end":{"line":217,"column":60}},"75":{"start":{"line":219,"column":25},"end":{"line":219,"column":58}},"76":{"start":{"line":220,"column":6},"end":{"line":223,"column":7}},"77":{"start":{"line":221,"column":8},"end":{"line":221,"column":37}},"78":{"start":{"line":222,"column":8},"end":{"line":222,"column":64}},"79":{"start":{"line":222,"column":37},"end":{"line":222,"column":62}},"80":{"start":{"line":225,"column":6},"end":{"line":225,"column":50}},"81":{"start":{"line":227,"column":27},"end":{"line":227,"column":83}},"82":{"start":{"line":228,"column":6},"end":{"line":228,"column":70}},"83":{"start":{"line":229,"column":6},"end":{"line":229,"column":19}},"84":{"start":{"line":234,"column":41},"end":{"line":234,"column":43}},"85":{"start":{"line":236,"column":4},"end":{"line":252,"column":5}},"86":{"start":{"line":237,"column":21},"end":{"line":237,"column":63}},"87":{"start":{"line":238,"column":6},"end":{"line":238,"column":27}},"88":{"start":{"line":240,"column":6},"end":{"line":251,"column":7}},"89":{"start":{"line":241,"column":23},"end":{"line":241,"column":69}},"90":{"start":{"line":243,"column":8},"end":{"line":248,"column":9}},"91":{"start":{"line":244,"column":10},"end":{"line":247,"column":12}},"92":{"start":{"line":250,"column":8},"end":{"line":250,"column":61}},"93":{"start":{"line":254,"column":4},"end":{"line":254,"column":19}},"94":{"start":{"line":258,"column":4},"end":{"line":260,"column":5}},"95":{"start":{"line":259,"column":6},"end":{"line":259,"column":13}},"96":{"start":{"line":262,"column":4},"end":{"line":269,"column":36}},"97":{"start":{"line":263,"column":6},"end":{"line":268,"column":7}},"98":{"start":{"line":264,"column":8},"end":{"line":264,"column":37}},"99":{"start":{"line":266,"column":29},"end":{"line":266,"column":85}},"100":{"start":{"line":267,"column":8},"end":{"line":267,"column":61}},"101":{"start":{"line":271,"column":4},"end":{"line":271,"column":104}},"102":{"start":{"line":275,"column":4},"end":{"line":278,"column":5}},"103":{"start":{"line":276,"column":6},"end":{"line":276,"column":40}},"104":{"start":{"line":277,"column":6},"end":{"line":277,"column":32}},"105":{"start":{"line":279,"column":4},"end":{"line":279,"column":50}},"106":{"start":{"line":283,"column":4},"end":{"line":283,"column":39}},"107":{"start":{"line":287,"column":4},"end":{"line":287,"column":30}},"108":{"start":{"line":73,"column":0},"end":{"line":73,"column":13}},"109":{"start":{"line":292,"column":2},"end":{"line":292,"column":42}},"110":{"start":{"line":296,"column":2},"end":{"line":312,"column":5}},"111":{"start":{"line":297,"column":18},"end":{"line":297,"column":53}},"112":{"start":{"line":298,"column":4},"end":{"line":310,"column":7}},"113":{"start":{"line":299,"column":6},"end":{"line":309,"column":7}},"114":{"start":{"line":300,"column":8},"end":{"line":300,"column":37}},"115":{"start":{"line":301,"column":8},"end":{"line":306,"column":17}},"116":{"start":{"line":302,"column":10},"end":{"line":304,"column":20}},"117":{"start":{"line":303,"column":12},"end":{"line":303,"column":41}},"118":{"start":{"line":305,"column":10},"end":{"line":305,"column":20}},"119":{"start":{"line":308,"column":8},"end":{"line":308,"column":18}},"120":{"start":{"line":311,"column":4},"end":{"line":311,"column":30}}},"fnMap":{"0":{"name":"isComplexTask","decl":{"start":{"line":69,"column":16},"end":{"line":69,"column":29}},"loc":{"start":{"line":69,"column":43},"end":{"line":71,"column":1}}},"1":{"name":"(anonymous_1)","decl":{"start":{"line":70,"column":36},"end":{"line":70,"column":43}},"loc":{"start":{"line":70,"column":47},"end":{"line":70,"column":66}}},"2":{"name":"(anonymous_2)","decl":{"start":{"line":80,"column":2},"end":{"line":80,"column":14}},"loc":{"start":{"line":80,"column":53},"end":{"line":82,"column":3}}},"3":{"name":"(anonymous_3)","decl":{"start":{"line":84,"column":2},"end":{"line":84,"column":11}},"loc":{"start":{"line":84,"column":46},"end":{"line":86,"column":3}}},"4":{"name":"(anonymous_4)","decl":{"start":{"line":88,"column":2},"end":{"line":88,"column":19}},"loc":{"start":{"line":88,"column":82},"end":{"line":90,"column":3}}},"5":{"name":"(anonymous_5)","decl":{"start":{"line":92,"column":2},"end":{"line":92,"column":17}},"loc":{"start":{"line":92,"column":84},"end":{"line":103,"column":3}}},"6":{"name":"(anonymous_6)","decl":{"start":{"line":105,"column":2},"end":{"line":105,"column":19}},"loc":{"start":{"line":105,"column":37},"end":{"line":111,"column":3}}},"7":{"name":"(anonymous_7)","decl":{"start":{"line":113,"column":2},"end":{"line":113,"column":24}},"loc":{"start":{"line":113,"column":24},"end":{"line":115,"column":3}}},"8":{"name":"(anonymous_8)","decl":{"start":{"line":117,"column":2},"end":{"line":117,"column":7}},"loc":{"start":{"line":117,"column":37},"end":{"line":124,"column":3}}},"9":{"name":"(anonymous_9)","decl":{"start":{"line":126,"column":2},"end":{"line":126,"column":7}},"loc":{"start":{"line":126,"column":37},"end":{"line":150,"column":3}}},"10":{"name":"(anonymous_10)","decl":{"start":{"line":152,"column":2},"end":{"line":152,"column":7}},"loc":{"start":{"line":152,"column":51},"end":{"line":206,"column":3}}},"11":{"name":"(anonymous_11)","decl":{"start":{"line":208,"column":2},"end":{"line":208,"column":7}},"loc":{"start":{"line":208,"column":31},"end":{"line":231,"column":3}}},"12":{"name":"(anonymous_12)","decl":{"start":{"line":217,"column":24},"end":{"line":217,"column":31}},"loc":{"start":{"line":217,"column":35},"end":{"line":217,"column":60}}},"13":{"name":"(anonymous_13)","decl":{"start":{"line":222,"column":26},"end":{"line":222,"column":33}},"loc":{"start":{"line":222,"column":37},"end":{"line":222,"column":62}}},"14":{"name":"(anonymous_14)","decl":{"start":{"line":233,"column":2},"end":{"line":233,"column":7}},"loc":{"start":{"line":233,"column":23},"end":{"line":255,"column":3}}},"15":{"name":"(anonymous_15)","decl":{"start":{"line":257,"column":2},"end":{"line":257,"column":7}},"loc":{"start":{"line":257,"column":7},"end":{"line":272,"column":3}}},"16":{"name":"(anonymous_16)","decl":{"start":{"line":262,"column":37},"end":{"line":262,"column":42}},"loc":{"start":{"line":262,"column":48},"end":{"line":269,"column":5}}},"17":{"name":"(anonymous_17)","decl":{"start":{"line":274,"column":2},"end":{"line":274,"column":6}},"loc":{"start":{"line":274,"column":6},"end":{"line":280,"column":3}}},"18":{"name":"(anonymous_18)","decl":{"start":{"line":282,"column":2},"end":{"line":282,"column":11}},"loc":{"start":{"line":282,"column":11},"end":{"line":284,"column":3}}},"19":{"name":"(anonymous_19)","decl":{"start":{"line":286,"column":2},"end":{"line":286,"column":11}},"loc":{"start":{"line":286,"column":11},"end":{"line":288,"column":3}}},"20":{"name":"createProcessHealthMonitor","decl":{"start":{"line":291,"column":16},"end":{"line":291,"column":42}},"loc":{"start":{"line":291,"column":78},"end":{"line":293,"column":1}}},"21":{"name":"killProcessTree","decl":{"start":{"line":295,"column":16},"end":{"line":295,"column":31}},"loc":{"start":{"line":295,"column":43},"end":{"line":313,"column":1}}},"22":{"name":"(anonymous_22)","decl":{"start":{"line":296,"column":21},"end":{"line":296,"column":22}},"loc":{"start":{"line":296,"column":41},"end":{"line":312,"column":3}}},"23":{"name":"(anonymous_23)","decl":{"start":{"line":298,"column":22},"end":{"line":298,"column":25}},"loc":{"start":{"line":298,"column":27},"end":{"line":310,"column":5}}},"24":{"name":"(anonymous_24)","decl":{"start":{"line":301,"column":19},"end":{"line":301,"column":22}},"loc":{"start":{"line":301,"column":24},"end":{"line":306,"column":9}}}},"branchMap":{"0":{"loc":{"start":{"line":80,"column":14},"end":{"line":80,"column":53}},"type":"default-arg","locations":[{"start":{"line":80,"column":51},"end":{"line":80,"column":53}}]},"1":{"loc":{"start":{"line":107,"column":4},"end":{"line":109,"column":5}},"type":"if","locations":[{"start":{"line":107,"column":4},"end":{"line":109,"column":5}},{"start":{},"end":{}}]},"2":{"loc":{"start":{"line":134,"column":25},"end":{"line":134,"column":50}},"type":"binary-expr","locations":[{"start":{"line":134,"column":25},"end":{"line":134,"column":45}},{"start":{"line":134,"column":49},"end":{"line":134,"column":50}}]},"3":{"loc":{"start":{"line":135,"column":20},"end":{"line":135,"column":47}},"type":"binary-expr","locations":[{"start":{"line":135,"column":20},"end":{"line":135,"column":42}},{"start":{"line":135,"column":46},"end":{"line":135,"column":47}}]},"4":{"loc":{"start":{"line":156,"column":22},"end":{"line":156,"column":92}},"type":"cond-expr","locations":[{"start":{"line":156,"column":34},"end":{"line":156,"column":62}},{"start":{"line":156,"column":65},"end":{"line":156,"column":92}}]},"5":{"loc":{"start":{"line":159,"column":20},"end":{"line":159,"column":119}},"type":"cond-expr","locations":[{"start":{"line":159,"column":30},"end":{"line":159,"column":63}},{"start":{"line":159,"column":66},"end":{"line":159,"column":119}}]},"6":{"loc":{"start":{"line":162,"column":23},"end":{"line":162,"column":41}},"type":"binary-expr","locations":[{"start":{"line":162,"column":23},"end":{"line":162,"column":30}},{"start":{"line":162,"column":34},"end":{"line":162,"column":41}}]},"7":{"loc":{"start":{"line":164,"column":18},"end":{"line":164,"column":48}},"type":"binary-expr","locations":[{"start":{"line":164,"column":18},"end":{"line":164,"column":42}},{"start":{"line":164,"column":46},"end":{"line":164,"column":48}}]},"8":{"loc":{"start":{"line":166,"column":4},"end":{"line":168,"column":5}},"type":"if","locations":[{"start":{"line":166,"column":4},"end":{"line":168,"column":5}},{"start":{},"end":{}}]},"9":{"loc":{"start":{"line":184,"column":4},"end":{"line":198,"column":5}},"type":"if","locations":[{"start":{"line":184,"column":4},"end":{"line":198,"column":5}},{"start":{"line":187,"column":11},"end":{"line":198,"column":5}}]},"10":{"loc":{"start":{"line":187,"column":11},"end":{"line":198,"column":5}},"type":"if","locations":[{"start":{"line":187,"column":11},"end":{"line":198,"column":5}},{"start":{"line":192,"column":11},"end":{"line":198,"column":5}}]},"11":{"loc":{"start":{"line":191,"column":79},"end":{"line":191,"column":111}},"type":"cond-expr","locations":[{"start":{"line":191,"column":91},"end":{"line":191,"column":100}},{"start":{"line":191,"column":103},"end":{"line":191,"column":111}}]},"12":{"loc":{"start":{"line":192,"column":11},"end":{"line":198,"column":5}},"type":"if","locations":[{"start":{"line":192,"column":11},"end":{"line":198,"column":5}},{"start":{"line":195,"column":11},"end":{"line":198,"column":5}}]},"13":{"loc":{"start":{"line":195,"column":11},"end":{"line":198,"column":5}},"type":"if","locations":[{"start":{"line":195,"column":11},"end":{"line":198,"column":5}},{"start":{},"end":{}}]},"14":{"loc":{"start":{"line":211,"column":6},"end":{"line":213,"column":7}},"type":"if","locations":[{"start":{"line":211,"column":6},"end":{"line":213,"column":7}},{"start":{},"end":{}}]},"15":{"loc":{"start":{"line":220,"column":6},"end":{"line":223,"column":7}},"type":"if","locations":[{"start":{"line":220,"column":6},"end":{"line":223,"column":7}},{"start":{},"end":{}}]},"16":{"loc":{"start":{"line":227,"column":27},"end":{"line":227,"column":83}},"type":"cond-expr","locations":[{"start":{"line":227,"column":52},"end":{"line":227,"column":65}},{"start":{"line":227,"column":68},"end":{"line":227,"column":83}}]},"17":{"loc":{"start":{"line":240,"column":6},"end":{"line":251,"column":7}},"type":"if","locations":[{"start":{"line":240,"column":6},"end":{"line":251,"column":7}},{"start":{},"end":{}}]},"18":{"loc":{"start":{"line":243,"column":8},"end":{"line":248,"column":9}},"type":"if","locations":[{"start":{"line":243,"column":8},"end":{"line":248,"column":9}},{"start":{},"end":{}}]},"19":{"loc":{"start":{"line":243,"column":12},"end":{"line":243,"column":41}},"type":"binary-expr","locations":[{"start":{"line":243,"column":12},"end":{"line":243,"column":18}},{"start":{"line":243,"column":22},"end":{"line":243,"column":41}}]},"20":{"loc":{"start":{"line":258,"column":4},"end":{"line":260,"column":5}},"type":"if","locations":[{"start":{"line":258,"column":4},"end":{"line":260,"column":5}},{"start":{},"end":{}}]},"21":{"loc":{"start":{"line":266,"column":29},"end":{"line":266,"column":85}},"type":"cond-expr","locations":[{"start":{"line":266,"column":54},"end":{"line":266,"column":67}},{"start":{"line":266,"column":70},"end":{"line":266,"column":85}}]},"22":{"loc":{"start":{"line":275,"column":4},"end":{"line":278,"column":5}},"type":"if","locations":[{"start":{"line":275,"column":4},"end":{"line":278,"column":5}},{"start":{},"end":{}}]}},"s":{"0":1,"1":1,"2":1,"3":1,"4":1,"5":1,"6":1,"7":1,"8":17,"9":97,"10":35,"11":35,"12":35,"13":35,"14":35,"15":1,"16":3,"17":6,"18":6,"19":6,"20":3,"21":3,"22":2,"23":3,"24":4,"25":18,"26":18,"27":10,"28":8,"29":9,"30":9,"31":8,"32":8,"33":8,"34":8,"35":8,"36":1,"37":9,"38":9,"39":9,"40":9,"41":9,"42":9,"43":9,"44":9,"45":9,"46":9,"47":9,"48":0,"49":9,"50":9,"51":9,"52":9,"53":9,"54":2,"55":2,"56":7,"57":3,"58":3,"59":3,"60":3,"61":4,"62":1,"63":1,"64":3,"65":1,"66":1,"67":9,"68":3,"69":3,"70":3,"71":1,"72":2,"73":2,"74":2,"75":2,"76":2,"77":0,"78":0,"79":0,"80":2,"81":0,"82":0,"83":0,"84":3,"85":3,"86":3,"87":3,"88":3,"89":1,"90":1,"91":1,"92":1,"93":3,"94":3,"95":1,"96":2,"97":0,"98":0,"99":0,"100":0,"101":2,"102":38,"103":2,"104":2,"105":38,"106":4,"107":6,"108":1,"109":2,"110":0,"111":0,"112":0,"113":0,"114":0,"115":0,"116":0,"117":0,"118":0,"119":0,"120":0},"f":{"0":17,"1":97,"2":35,"3":1,"4":3,"5":6,"6":3,"7":4,"8":18,"9":9,"10":9,"11":3,"12":2,"13":0,"14":3,"15":3,"16":0,"17":38,"18":4,"19":6,"20":2,"21":0,"22":0,"23":0,"24":0},"b":{"0":[2],"1":[2,1],"2":[8,0],"3":[8,0],"4":[1,8],"5":[7,2],"6":[9,3],"7":[9,6],"8":[0,9],"9":[2,7],"10":[3,4],"11":[1,2],"12":[1,3],"13":[1,2],"14":[1,2],"15":[0,2],"16":[0,0],"17":[1,2],"18":[1,0],"19":[1,1],"20":[1,2],"21":[0,0],"22":[2,36]}}
,"/workspace/repos/kai-delegator/src/structured-logger.ts": {"path":"/workspace/repos/kai-delegator/src/structured-logger.ts","statementMap":{"0":{"start":{"line":384,"column":0},"end":{"line":384,"column":16}},"1":{"start":{"line":388,"column":0},"end":{"line":388,"column":16}},"2":{"start":{"line":395,"column":0},"end":{"line":395,"column":16}},"3":{"start":{"line":1,"column":0},"end":{"line":1,"column":25}},"4":{"start":{"line":2,"column":0},"end":{"line":2,"column":29}},"5":{"start":{"line":4,"column":0},"end":{"line":4,"column":null}},"6":{"start":{"line":5,"column":2},"end":{"line":5,"column":null}},"7":{"start":{"line":6,"column":2},"end":{"line":6,"column":null}},"8":{"start":{"line":7,"column":2},"end":{"line":7,"column":null}},"9":{"start":{"line":8,"column":2},"end":{"line":8,"column":null}},"10":{"start":{"line":11,"column":0},"end":{"line":11,"column":null}},"11":{"start":{"line":12,"column":2},"end":{"line":12,"column":null}},"12":{"start":{"line":13,"column":2},"end":{"line":13,"column":null}},"13":{"start":{"line":14,"column":2},"end":{"line":14,"column":null}},"14":{"start":{"line":15,"column":2},"end":{"line":15,"column":null}},"15":{"start":{"line":16,"column":2},"end":{"line":16,"column":null}},"16":{"start":{"line":17,"column":2},"end":{"line":17,"column":null}},"17":{"start":{"line":49,"column":47},"end":{"line":56,"column":2}},"18":{"start":{"line":58,"column":49},"end":{"line":63,"column":2}},"19":{"start":{"line":65,"column":15},"end":{"line":74,"column":2}},"20":{"start":{"line":76,"column":47},"end":{"line":81,"column":2}},"21":{"start":{"line":83,"column":47},"end":{"line":90,"column":2}},"22":{"start":{"line":94,"column":32},"end":{"line":94,"column":34}},"23":{"start":{"line":95,"column":48},"end":{"line":95,"column":52}},"24":{"start":{"line":96,"column":49},"end":{"line":96,"column":58}},"25":{"start":{"line":99,"column":4},"end":{"line":99,"column":51}},"26":{"start":{"line":100,"column":4},"end":{"line":100,"column":33}},"27":{"start":{"line":104,"column":4},"end":{"line":104,"column":43}},"28":{"start":{"line":104,"column":29},"end":{"line":104,"column":41}},"29":{"start":{"line":105,"column":4},"end":{"line":108,"column":7}},"30":{"start":{"line":106,"column":6},"end":{"line":106,"column":19}},"31":{"start":{"line":107,"column":6},"end":{"line":107,"column":22}},"32":{"start":{"line":109,"column":4},"end":{"line":112,"column":7}},"33":{"start":{"line":110,"column":6},"end":{"line":110,"column":19}},"34":{"start":{"line":111,"column":6},"end":{"line":111,"column":22}},"35":{"start":{"line":116,"column":4},"end":{"line":116,"column":48}},"36":{"start":{"line":120,"column":4},"end":{"line":120,"column":33}},"37":{"start":{"line":124,"column":4},"end":{"line":124,"column":73}},"38":{"start":{"line":128,"column":4},"end":{"line":128,"column":36}},"39":{"start":{"line":132,"column":4},"end":{"line":135,"column":7}},"40":{"start":{"line":139,"column":16},"end":{"line":139,"column":36}},"41":{"start":{"line":140,"column":18},"end":{"line":140,"column":43}},"42":{"start":{"line":141,"column":4},"end":{"line":143,"column":5}},"43":{"start":{"line":142,"column":6},"end":{"line":142,"column":23}},"44":{"start":{"line":144,"column":4},"end":{"line":144,"column":33}},"45":{"start":{"line":145,"column":4},"end":{"line":145,"column":50}},"46":{"start":{"line":149,"column":23},"end":{"line":149,"column":48}},"47":{"start":{"line":150,"column":23},"end":{"line":150,"column":48}},"48":{"start":{"line":152,"column":20},"end":{"line":154,"column":10}},"49":{"start":{"line":156,"column":18},"end":{"line":158,"column":10}},"50":{"start":{"line":160,"column":21},"end":{"line":162,"column":10}},"51":{"start":{"line":164,"column":4},"end":{"line":167,"column":59}},"52":{"start":{"line":171,"column":4},"end":{"line":171,"column":40}},"53":{"start":{"line":175,"column":4},"end":{"line":175,"column":44}},"54":{"start":{"line":175,"column":37},"end":{"line":175,"column":44}},"55":{"start":{"line":177,"column":4},"end":{"line":183,"column":5}},"56":{"start":{"line":178,"column":6},"end":{"line":178,"column":70}},"57":{"start":{"line":179,"column":6},"end":{"line":179,"column":26}},"58":{"start":{"line":181,"column":6},"end":{"line":182,"column":66}},"59":{"start":{"line":185,"column":4},"end":{"line":188,"column":5}},"60":{"start":{"line":186,"column":6},"end":{"line":186,"column":38}},"61":{"start":{"line":187,"column":6},"end":{"line":187,"column":31}},"62":{"start":{"line":192,"column":4},"end":{"line":192,"column":41}},"63":{"start":{"line":192,"column":34},"end":{"line":192,"column":41}},"64":{"start":{"line":194,"column":4},"end":{"line":197,"column":5}},"65":{"start":{"line":195,"column":6},"end":{"line":195,"column":25}},"66":{"start":{"line":196,"column":6},"end":{"line":196,"column":13}},"67":{"start":{"line":199,"column":4},"end":{"line":199,"column":34}},"68":{"start":{"line":199,"column":27},"end":{"line":199,"column":34}},"69":{"start":{"line":201,"column":4},"end":{"line":203,"column":36}},"70":{"start":{"line":202,"column":6},"end":{"line":202,"column":25}},"71":{"start":{"line":214,"column":4},"end":{"line":214,"column":39}},"72":{"start":{"line":214,"column":32},"end":{"line":214,"column":39}},"73":{"start":{"line":216,"column":38},"end":{"line":224,"column":6}},"74":{"start":{"line":226,"column":4},"end":{"line":228,"column":5}},"75":{"start":{"line":227,"column":6},"end":{"line":227,"column":45}},"76":{"start":{"line":230,"column":4},"end":{"line":233,"column":5}},"77":{"start":{"line":231,"column":6},"end":{"line":231,"column":50}},"78":{"start":{"line":232,"column":6},"end":{"line":232,"column":27}},"79":{"start":{"line":245,"column":4},"end":{"line":245,"column":39}},"80":{"start":{"line":245,"column":32},"end":{"line":245,"column":39}},"81":{"start":{"line":247,"column":38},"end":{"line":260,"column":6}},"82":{"start":{"line":262,"column":4},"end":{"line":264,"column":5}},"83":{"start":{"line":263,"column":6},"end":{"line":263,"column":45}},"84":{"start":{"line":266,"column":4},"end":{"line":269,"column":5}},"85":{"start":{"line":267,"column":6},"end":{"line":267,"column":50}},"86":{"start":{"line":268,"column":6},"end":{"line":268,"column":27}},"87":{"start":{"line":279,"column":22},"end":{"line":279,"column":50}},"88":{"start":{"line":280,"column":4},"end":{"line":280,"column":65}},"89":{"start":{"line":291,"column":22},"end":{"line":291,"column":50}},"90":{"start":{"line":292,"column":4},"end":{"line":292,"column":77}},"91":{"start":{"line":296,"column":4},"end":{"line":296,"column":35}},"92":{"start":{"line":297,"column":4},"end":{"line":297,"column":63}},"93":{"start":{"line":301,"column":4},"end":{"line":301,"column":35}},"94":{"start":{"line":302,"column":4},"end":{"line":302,"column":62}},"95":{"start":{"line":306,"column":4},"end":{"line":306,"column":35}},"96":{"start":{"line":307,"column":4},"end":{"line":307,"column":62}},"97":{"start":{"line":311,"column":4},"end":{"line":311,"column":35}},"98":{"start":{"line":312,"column":4},"end":{"line":316,"column":5}},"99":{"start":{"line":313,"column":6},"end":{"line":313,"column":77}},"100":{"start":{"line":315,"column":6},"end":{"line":315,"column":65}},"101":{"start":{"line":320,"column":4},"end":{"line":320,"column":57}},"102":{"start":{"line":324,"column":4},"end":{"line":324,"column":59}},"103":{"start":{"line":328,"column":4},"end":{"line":328,"column":57}},"104":{"start":{"line":332,"column":4},"end":{"line":332,"column":54}},"105":{"start":{"line":336,"column":4},"end":{"line":336,"column":80}},"106":{"start":{"line":340,"column":4},"end":{"line":344,"column":5}},"107":{"start":{"line":341,"column":6},"end":{"line":341,"column":92}},"108":{"start":{"line":343,"column":6},"end":{"line":343,"column":80}},"109":{"start":{"line":348,"column":4},"end":{"line":351,"column":5}},"110":{"start":{"line":349,"column":6},"end":{"line":349,"column":38}},"111":{"start":{"line":350,"column":6},"end":{"line":350,"column":31}},"112":{"start":{"line":352,"column":4},"end":{"line":352,"column":23}},"113":{"start":{"line":356,"column":4},"end":{"line":360,"column":6}},"114":{"start":{"line":364,"column":4},"end":{"line":370,"column":70}},"115":{"start":{"line":365,"column":6},"end":{"line":369,"column":7}},"116":{"start":{"line":366,"column":8},"end":{"line":366,"column":54}},"117":{"start":{"line":368,"column":8},"end":{"line":368,"column":20}},"118":{"start":{"line":370,"column":54},"end":{"line":370,"column":68}},"119":{"start":{"line":374,"column":4},"end":{"line":374,"column":30}},"120":{"start":{"line":378,"column":4},"end":{"line":378,"column":24}},"121":{"start":{"line":92,"column":0},"end":{"line":92,"column":13}},"122":{"start":{"line":382,"column":45},"end":{"line":382,"column":49}},"123":{"start":{"line":385,"column":2},"end":{"line":385,"column":38}},"124":{"start":{"line":389,"column":2},"end":{"line":391,"column":3}},"125":{"start":{"line":390,"column":4},"end":{"line":390,"column":49}},"126":{"start":{"line":392,"column":2},"end":{"line":392,"column":23}},"127":{"start":{"line":396,"column":2},"end":{"line":399,"column":3}},"128":{"start":{"line":397,"column":4},"end":{"line":397,"column":26}},"129":{"start":{"line":398,"column":4},"end":{"line":398,"column":25}}},"fnMap":{"0":{"name":"(anonymous_9)","decl":{"start":{"line":4,"column":0},"end":{"line":4,"column":12}},"loc":{"start":{"line":4,"column":20},"end":{"line":9,"column":1}}},"1":{"name":"(anonymous_10)","decl":{"start":{"line":11,"column":0},"end":{"line":11,"column":12}},"loc":{"start":{"line":11,"column":20},"end":{"line":18,"column":1}}},"2":{"name":"(anonymous_11)","decl":{"start":{"line":98,"column":2},"end":{"line":98,"column":14}},"loc":{"start":{"line":98,"column":58},"end":{"line":101,"column":3}}},"3":{"name":"(anonymous_12)","decl":{"start":{"line":103,"column":10},"end":{"line":103,"column":31}},"loc":{"start":{"line":103,"column":31},"end":{"line":113,"column":3}}},"4":{"name":"(anonymous_13)","decl":{"start":{"line":104,"column":23},"end":{"line":104,"column":26}},"loc":{"start":{"line":104,"column":29},"end":{"line":104,"column":41}}},"5":{"name":"(anonymous_14)","decl":{"start":{"line":105,"column":26},"end":{"line":105,"column":29}},"loc":{"start":{"line":105,"column":31},"end":{"line":108,"column":5}}},"6":{"name":"(anonymous_15)","decl":{"start":{"line":109,"column":25},"end":{"line":109,"column":28}},"loc":{"start":{"line":109,"column":30},"end":{"line":112,"column":5}}},"7":{"name":"(anonymous_16)","decl":{"start":{"line":115,"column":2},"end":{"line":115,"column":11}},"loc":{"start":{"line":115,"column":51},"end":{"line":117,"column":3}}},"8":{"name":"(anonymous_17)","decl":{"start":{"line":119,"column":2},"end":{"line":119,"column":13}},"loc":{"start":{"line":119,"column":29},"end":{"line":121,"column":3}}},"9":{"name":"(anonymous_18)","decl":{"start":{"line":123,"column":10},"end":{"line":123,"column":19}},"loc":{"start":{"line":123,"column":35},"end":{"line":125,"column":3}}},"10":{"name":"(anonymous_19)","decl":{"start":{"line":127,"column":10},"end":{"line":127,"column":22}},"loc":{"start":{"line":127,"column":22},"end":{"line":129,"column":3}}},"11":{"name":"(anonymous_20)","decl":{"start":{"line":131,"column":2},"end":{"line":131,"column":12}},"loc":{"start":{"line":131,"column":44},"end":{"line":136,"column":3}}},"12":{"name":"(anonymous_21)","decl":{"start":{"line":138,"column":2},"end":{"line":138,"column":10}},"loc":{"start":{"line":138,"column":42},"end":{"line":146,"column":3}}},"13":{"name":"(anonymous_22)","decl":{"start":{"line":148,"column":10},"end":{"line":148,"column":23}},"loc":{"start":{"line":148,"column":49},"end":{"line":168,"column":3}}},"14":{"name":"(anonymous_23)","decl":{"start":{"line":170,"column":10},"end":{"line":170,"column":20}},"loc":{"start":{"line":170,"column":46},"end":{"line":172,"column":3}}},"15":{"name":"(anonymous_24)","decl":{"start":{"line":174,"column":10},"end":{"line":174,"column":21}},"loc":{"start":{"line":174,"column":21},"end":{"line":189,"column":3}}},"16":{"name":"(anonymous_25)","decl":{"start":{"line":191,"column":10},"end":{"line":191,"column":23}},"loc":{"start":{"line":191,"column":23},"end":{"line":204,"column":3}}},"17":{"name":"(anonymous_26)","decl":{"start":{"line":201,"column":35},"end":{"line":201,"column":38}},"loc":{"start":{"line":201,"column":40},"end":{"line":203,"column":5}}},"18":{"name":"(anonymous_27)","decl":{"start":{"line":206,"column":2},"end":{"line":206,"column":5}},"loc":{"start":{"line":212,"column":22},"end":{"line":234,"column":3}}},"19":{"name":"(anonymous_28)","decl":{"start":{"line":236,"column":2},"end":{"line":236,"column":10}},"loc":{"start":{"line":243,"column":22},"end":{"line":270,"column":3}}},"20":{"name":"(anonymous_29)","decl":{"start":{"line":272,"column":2},"end":{"line":272,"column":10}},"loc":{"start":{"line":277,"column":38},"end":{"line":281,"column":3}}},"21":{"name":"(anonymous_30)","decl":{"start":{"line":283,"column":2},"end":{"line":283,"column":15}},"loc":{"start":{"line":289,"column":38},"end":{"line":293,"column":3}}},"22":{"name":"(anonymous_31)","decl":{"start":{"line":295,"column":2},"end":{"line":295,"column":7}},"loc":{"start":{"line":295,"column":92},"end":{"line":298,"column":3}}},"23":{"name":"(anonymous_32)","decl":{"start":{"line":300,"column":2},"end":{"line":300,"column":6}},"loc":{"start":{"line":300,"column":91},"end":{"line":303,"column":3}}},"24":{"name":"(anonymous_33)","decl":{"start":{"line":305,"column":2},"end":{"line":305,"column":6}},"loc":{"start":{"line":305,"column":91},"end":{"line":308,"column":3}}},"25":{"name":"(anonymous_34)","decl":{"start":{"line":310,"column":2},"end":{"line":310,"column":7}},"loc":{"start":{"line":310,"column":107},"end":{"line":317,"column":3}}},"26":{"name":"(anonymous_35)","decl":{"start":{"line":319,"column":2},"end":{"line":319,"column":7}},"loc":{"start":{"line":319,"column":75},"end":{"line":321,"column":3}}},"27":{"name":"(anonymous_36)","decl":{"start":{"line":323,"column":2},"end":{"line":323,"column":9}},"loc":{"start":{"line":323,"column":77},"end":{"line":325,"column":3}}},"28":{"name":"(anonymous_37)","decl":{"start":{"line":327,"column":2},"end":{"line":327,"column":7}},"loc":{"start":{"line":327,"column":75},"end":{"line":329,"column":3}}},"29":{"name":"(anonymous_38)","decl":{"start":{"line":331,"column":2},"end":{"line":331,"column":4}},"loc":{"start":{"line":331,"column":72},"end":{"line":333,"column":3}}},"30":{"name":"(anonymous_39)","decl":{"start":{"line":335,"column":2},"end":{"line":335,"column":11}},"loc":{"start":{"line":335,"column":79},"end":{"line":337,"column":3}}},"31":{"name":"(anonymous_40)","decl":{"start":{"line":339,"column":2},"end":{"line":339,"column":8}},"loc":{"start":{"line":339,"column":91},"end":{"line":345,"column":3}}},"32":{"name":"(anonymous_41)","decl":{"start":{"line":347,"column":2},"end":{"line":347,"column":7}},"loc":{"start":{"line":347,"column":7},"end":{"line":353,"column":3}}},"33":{"name":"(anonymous_42)","decl":{"start":{"line":355,"column":2},"end":{"line":355,"column":10}},"loc":{"start":{"line":355,"column":10},"end":{"line":361,"column":3}}},"34":{"name":"(anonymous_43)","decl":{"start":{"line":363,"column":2},"end":{"line":363,"column":11}},"loc":{"start":{"line":363,"column":11},"end":{"line":371,"column":3}}},"35":{"name":"(anonymous_44)","decl":{"start":{"line":364,"column":30},"end":{"line":364,"column":34}},"loc":{"start":{"line":364,"column":37},"end":{"line":370,"column":5}}},"36":{"name":"(anonymous_45)","decl":{"start":{"line":370,"column":14},"end":{"line":370,"column":15}},"loc":{"start":{"line":370,"column":54},"end":{"line":370,"column":68}}},"37":{"name":"(anonymous_46)","decl":{"start":{"line":373,"column":2},"end":{"line":373,"column":11}},"loc":{"start":{"line":373,"column":11},"end":{"line":375,"column":3}}},"38":{"name":"(anonymous_47)","decl":{"start":{"line":377,"column":2},"end":{"line":377,"column":13}},"loc":{"start":{"line":377,"column":13},"end":{"line":379,"column":3}}},"39":{"name":"createStructuredLogger","decl":{"start":{"line":384,"column":16},"end":{"line":384,"column":38}},"loc":{"start":{"line":384,"column":79},"end":{"line":386,"column":1}}},"40":{"name":"getStructuredLogger","decl":{"start":{"line":388,"column":16},"end":{"line":388,"column":35}},"loc":{"start":{"line":388,"column":76},"end":{"line":393,"column":1}}},"41":{"name":"resetStructuredLogger","decl":{"start":{"line":395,"column":16},"end":{"line":395,"column":37}},"loc":{"start":{"line":395,"column":37},"end":{"line":400,"column":1}}}},"branchMap":{"0":{"loc":{"start":{"line":4,"column":12},"end":{"line":4,"column":null}},"type":"binary-expr","locations":[{"start":{"line":4,"column":12},"end":{"line":4,"column":20}},{"start":{"line":4,"column":20},"end":{"line":4,"column":null}}]},"1":{"loc":{"start":{"line":11,"column":12},"end":{"line":11,"column":null}},"type":"binary-expr","locations":[{"start":{"line":11,"column":12},"end":{"line":11,"column":20}},{"start":{"line":11,"column":20},"end":{"line":11,"column":null}}]},"2":{"loc":{"start":{"line":98,"column":14},"end":{"line":98,"column":58}},"type":"default-arg","locations":[{"start":{"line":98,"column":56},"end":{"line":98,"column":58}}]},"3":{"loc":{"start":{"line":141,"column":4},"end":{"line":143,"column":5}},"type":"if","locations":[{"start":{"line":141,"column":4},"end":{"line":143,"column":5}},{"start":{},"end":{}}]},"4":{"loc":{"start":{"line":152,"column":20},"end":{"line":154,"column":10}},"type":"cond-expr","locations":[{"start":{"line":153,"column":8},"end":{"line":153,"column":33}},{"start":{"line":154,"column":8},"end":{"line":154,"column":10}}]},"5":{"loc":{"start":{"line":156,"column":18},"end":{"line":158,"column":10}},"type":"cond-expr","locations":[{"start":{"line":157,"column":8},"end":{"line":157,"column":42}},{"start":{"line":158,"column":8},"end":{"line":158,"column":10}}]},"6":{"loc":{"start":{"line":160,"column":21},"end":{"line":162,"column":10}},"type":"cond-expr","locations":[{"start":{"line":161,"column":8},"end":{"line":161,"column":46}},{"start":{"line":162,"column":8},"end":{"line":162,"column":10}}]},"7":{"loc":{"start":{"line":175,"column":4},"end":{"line":175,"column":44}},"type":"if","locations":[{"start":{"line":175,"column":4},"end":{"line":175,"column":44}},{"start":{},"end":{}}]},"8":{"loc":{"start":{"line":182,"column":8},"end":{"line":182,"column":64}},"type":"cond-expr","locations":[{"start":{"line":182,"column":33},"end":{"line":182,"column":46}},{"start":{"line":182,"column":49},"end":{"line":182,"column":64}}]},"9":{"loc":{"start":{"line":185,"column":4},"end":{"line":188,"column":5}},"type":"if","locations":[{"start":{"line":185,"column":4},"end":{"line":188,"column":5}},{"start":{},"end":{}}]},"10":{"loc":{"start":{"line":192,"column":4},"end":{"line":192,"column":41}},"type":"if","locations":[{"start":{"line":192,"column":4},"end":{"line":192,"column":41}},{"start":{},"end":{}}]},"11":{"loc":{"start":{"line":194,"column":4},"end":{"line":197,"column":5}},"type":"if","locations":[{"start":{"line":194,"column":4},"end":{"line":197,"column":5}},{"start":{},"end":{}}]},"12":{"loc":{"start":{"line":199,"column":4},"end":{"line":199,"column":34}},"type":"if","locations":[{"start":{"line":199,"column":4},"end":{"line":199,"column":34}},{"start":{},"end":{}}]},"13":{"loc":{"start":{"line":214,"column":4},"end":{"line":214,"column":39}},"type":"if","locations":[{"start":{"line":214,"column":4},"end":{"line":214,"column":39}},{"start":{},"end":{}}]},"14":{"loc":{"start":{"line":222,"column":10},"end":{"line":222,"column":50}},"type":"binary-expr","locations":[{"start":{"line":222,"column":10},"end":{"line":222,"column":33}},{"start":{"line":222,"column":37},"end":{"line":222,"column":50}}]},"15":{"loc":{"start":{"line":223,"column":10},"end":{"line":223,"column":34}},"type":"binary-expr","locations":[{"start":{"line":223,"column":10},"end":{"line":223,"column":18}},{"start":{"line":223,"column":22},"end":{"line":223,"column":34}}]},"16":{"loc":{"start":{"line":226,"column":4},"end":{"line":228,"column":5}},"type":"if","locations":[{"start":{"line":226,"column":4},"end":{"line":228,"column":5}},{"start":{},"end":{}}]},"17":{"loc":{"start":{"line":230,"column":4},"end":{"line":233,"column":5}},"type":"if","locations":[{"start":{"line":230,"column":4},"end":{"line":233,"column":5}},{"start":{},"end":{}}]},"18":{"loc":{"start":{"line":245,"column":4},"end":{"line":245,"column":39}},"type":"if","locations":[{"start":{"line":245,"column":4},"end":{"line":245,"column":39}},{"start":{},"end":{}}]},"19":{"loc":{"start":{"line":258,"column":10},"end":{"line":258,"column":50}},"type":"binary-expr","locations":[{"start":{"line":258,"column":10},"end":{"line":258,"column":33}},{"start":{"line":258,"column":37},"end":{"line":258,"column":50}}]},"20":{"loc":{"start":{"line":259,"column":10},"end":{"line":259,"column":34}},"type":"binary-expr","locations":[{"start":{"line":259,"column":10},"end":{"line":259,"column":18}},{"start":{"line":259,"column":22},"end":{"line":259,"column":34}}]},"21":{"loc":{"start":{"line":262,"column":4},"end":{"line":264,"column":5}},"type":"if","locations":[{"start":{"line":262,"column":4},"end":{"line":264,"column":5}},{"start":{},"end":{}}]},"22":{"loc":{"start":{"line":266,"column":4},"end":{"line":269,"column":5}},"type":"if","locations":[{"start":{"line":266,"column":4},"end":{"line":269,"column":5}},{"start":{},"end":{}}]},"23":{"loc":{"start":{"line":312,"column":4},"end":{"line":316,"column":5}},"type":"if","locations":[{"start":{"line":312,"column":4},"end":{"line":316,"column":5}},{"start":{"line":314,"column":11},"end":{"line":316,"column":5}}]},"24":{"loc":{"start":{"line":340,"column":4},"end":{"line":344,"column":5}},"type":"if","locations":[{"start":{"line":340,"column":4},"end":{"line":344,"column":5}},{"start":{"line":342,"column":11},"end":{"line":344,"column":5}}]},"25":{"loc":{"start":{"line":348,"column":4},"end":{"line":351,"column":5}},"type":"if","locations":[{"start":{"line":348,"column":4},"end":{"line":351,"column":5}},{"start":{},"end":{}}]},"26":{"loc":{"start":{"line":389,"column":2},"end":{"line":391,"column":3}},"type":"if","locations":[{"start":{"line":389,"column":2},"end":{"line":391,"column":3}},{"start":{},"end":{}}]},"27":{"loc":{"start":{"line":396,"column":2},"end":{"line":399,"column":3}},"type":"if","locations":[{"start":{"line":396,"column":2},"end":{"line":399,"column":3}},{"start":{},"end":{}}]}},"s":{"0":1,"1":1,"2":1,"3":1,"4":1,"5":1,"6":1,"7":1,"8":1,"9":1,"10":1,"11":1,"12":1,"13":1,"14":1,"15":1,"16":1,"17":1,"18":1,"19":1,"20":1,"21":1,"22":54,"23":54,"24":54,"25":54,"26":54,"27":54,"28":0,"29":54,"30":0,"31":0,"32":54,"33":0,"34":0,"35":1,"36":1,"37":46,"38":44,"39":47,"40":8,"41":8,"42":8,"43":1,"44":7,"45":7,"46":41,"47":41,"48":41,"49":41,"50":41,"51":41,"52":30,"53":64,"54":34,"55":30,"56":30,"57":29,"58":1,"59":30,"60":4,"61":4,"62":30,"63":0,"64":30,"65":1,"66":1,"67":29,"68":0,"69":29,"70":3,"71":42,"72":2,"73":40,"74":40,"75":37,"76":40,"77":27,"78":27,"79":4,"80":0,"81":4,"82":4,"83":4,"84":4,"85":3,"86":3,"87":4,"88":4,"89":2,"90":2,"91":3,"92":3,"93":30,"94":30,"95":3,"96":3,"97":4,"98":4,"99":2,"100":2,"101":1,"102":1,"103":1,"104":1,"105":2,"106":2,"107":1,"108":1,"109":60,"110":25,"111":25,"112":60,"113":1,"114":6,"115":5,"116":5,"117":1,"118":5,"119":7,"120":1,"121":1,"122":1,"123":2,"124":8,"125":5,"126":8,"127":41,"128":5,"129":5},"f":{"0":1,"1":1,"2":54,"3":54,"4":0,"5":0,"6":0,"7":1,"8":1,"9":46,"10":44,"11":47,"12":8,"13":41,"14":30,"15":64,"16":30,"17":3,"18":42,"19":4,"20":4,"21":2,"22":3,"23":30,"24":3,"25":4,"26":1,"27":1,"28":1,"29":1,"30":2,"31":2,"32":60,"33":1,"34":6,"35":5,"36":5,"37":7,"38":1,"39":2,"40":8,"41":41},"b":{"0":[1,1],"1":[1,1],"2":[5],"3":[1,7],"4":[6,35],"5":[4,37],"6":[3,38],"7":[34,30],"8":[1,0],"9":[4,26],"10":[0,30],"11":[1,29],"12":[0,29],"13":[2,40],"14":[40,4],"15":[40,2],"16":[37,3],"17":[27,13],"18":[0,4],"19":[4,2],"20":[4,1],"21":[4,0],"22":[3,1],"23":[2,2],"24":[1,1],"25":[25,35],"26":[5,3],"27":[5,36]}}
}
