{"/workspace/repos/kai-delegator/src/check-existing-command.ts": {"path":"/workspace/repos/kai-delegator/src/check-existing-command.ts","statementMap":{"0":{"start":{"line":29,"column":0},"end":{"line":29,"column":16}},"1":{"start":{"line":65,"column":0},"end":{"line":65,"column":7}},"2":{"start":{"line":74,"column":0},"end":{"line":74,"column":16}},"3":{"start":{"line":78,"column":0},"end":{"line":78,"column":16}},"4":{"start":{"line":1,"column":0},"end":{"line":1,"column":55}},"5":{"start":{"line":3,"column":0},"end":{"line":3,"column":null}},"6":{"start":{"line":4,"column":2},"end":{"line":4,"column":null}},"7":{"start":{"line":5,"column":2},"end":{"line":5,"column":null}},"8":{"start":{"line":6,"column":2},"end":{"line":6,"column":null}},"9":{"start":{"line":19,"column":46},"end":{"line":22,"column":2}},"10":{"start":{"line":24,"column":46},"end":{"line":27,"column":2}},"11":{"start":{"line":32,"column":2},"end":{"line":38,"column":3}},"12":{"start":{"line":33,"column":4},"end":{"line":37,"column":6}},"13":{"start":{"line":40,"column":21},"end":{"line":40,"column":36}},"14":{"start":{"line":42,"column":2},"end":{"line":48,"column":3}},"15":{"start":{"line":43,"column":4},"end":{"line":47,"column":6}},"16":{"start":{"line":50,"column":2},"end":{"line":56,"column":3}},"17":{"start":{"line":51,"column":4},"end":{"line":55,"column":6}},"18":{"start":{"line":58,"column":2},"end":{"line":62,"column":4}},"19":{"start":{"line":70,"column":26},"end":{"line":70,"column":82}},"20":{"start":{"line":71,"column":2},"end":{"line":71,"column":50}},"21":{"start":{"line":75,"column":2},"end":{"line":75,"column":44}},"22":{"start":{"line":79,"column":2},"end":{"line":79,"column":44}}},"fnMap":{"0":{"name":"(anonymous_0)","decl":{"start":{"line":3,"column":0},"end":{"line":3,"column":12}},"loc":{"start":{"line":3,"column":33},"end":{"line":7,"column":1}}},"1":{"name":"checkExistingKaiCommand","decl":{"start":{"line":29,"column":16},"end":{"line":29,"column":39}},"loc":{"start":{"line":30,"column":36},"end":{"line":63,"column":1}}},"2":{"name":"findAndCheckExistingCommand","decl":{"start":{"line":65,"column":22},"end":{"line":65,"column":49}},"loc":{"start":{"line":68,"column":44},"end":{"line":72,"column":1}}},"3":{"name":"isStatusReusable","decl":{"start":{"line":74,"column":16},"end":{"line":74,"column":32}},"loc":{"start":{"line":74,"column":57},"end":{"line":76,"column":1}}},"4":{"name":"isStatusBlocking","decl":{"start":{"line":78,"column":16},"end":{"line":78,"column":32}},"loc":{"start":{"line":78,"column":57},"end":{"line":80,"column":1}}}},"branchMap":{"0":{"loc":{"start":{"line":3,"column":12},"end":{"line":3,"column":null}},"type":"binary-expr","locations":[{"start":{"line":3,"column":12},"end":{"line":3,"column":33}},{"start":{"line":3,"column":33},"end":{"line":3,"column":null}}]},"1":{"loc":{"start":{"line":32,"column":2},"end":{"line":38,"column":3}},"type":"if","locations":[{"start":{"line":32,"column":2},"end":{"line":38,"column":3}},{"start":{},"end":{}}]},"2":{"loc":{"start":{"line":42,"column":2},"end":{"line":48,"column":3}},"type":"if","locations":[{"start":{"line":42,"column":2},"end":{"line":48,"column":3}},{"start":{},"end":{}}]},"3":{"loc":{"start":{"line":50,"column":2},"end":{"line":56,"column":3}},"type":"if","locations":[{"start":{"line":50,"column":2},"end":{"line":56,"column":3}},{"start":{},"end":{}}]}},"s":{"0":1,"1":1,"2":1,"3":1,"4":1,"5":1,"6":1,"7":1,"8":1,"9":1,"10":1,"11":11,"12":2,"13":9,"14":9,"15":4,"16":5,"17":4,"18":1,"19":5,"20":5,"21":4,"22":4},"f":{"0":1,"1":11,"2":5,"3":4,"4":4},"b":{"0":[1,1],"1":[2,9],"2":[4,5],"3":[4,1]}}
,"/workspace/repos/kai-delegator/src/cleanup-duplicates.ts": {"path":"/workspace/repos/kai-delegator/src/cleanup-duplicates.ts","statementMap":{"0":{"start":{"line":3,"column":0},"end":{"line":3,"column":16}},"1":{"start":{"line":17,"column":0},"end":{"line":17,"column":16}},"2":{"start":{"line":25,"column":0},"end":{"line":25,"column":16}},"3":{"start":{"line":33,"column":0},"end":{"line":33,"column":16}},"4":{"start":{"line":44,"column":0},"end":{"line":44,"column":7}},"5":{"start":{"line":1,"column":0},"end":{"line":1,"column":70}},"6":{"start":{"line":4,"column":24},"end":{"line":4,"column":55}},"7":{"start":{"line":6,"column":2},"end":{"line":12,"column":3}},"8":{"start":{"line":7,"column":19},"end":{"line":7,"column":29}},"9":{"start":{"line":8,"column":4},"end":{"line":10,"column":5}},"10":{"start":{"line":9,"column":6},"end":{"line":9,"column":36}},"11":{"start":{"line":11,"column":4},"end":{"line":11,"column":41}},"12":{"start":{"line":14,"column":2},"end":{"line":14,"column":23}},"13":{"start":{"line":18,"column":2},"end":{"line":22,"column":5}},"14":{"start":{"line":19,"column":4},"end":{"line":19,"column":98}},"15":{"start":{"line":19,"column":88},"end":{"line":19,"column":98}},"16":{"start":{"line":20,"column":4},"end":{"line":20,"column":97}},"17":{"start":{"line":20,"column":88},"end":{"line":20,"column":97}},"18":{"start":{"line":21,"column":4},"end":{"line":21,"column":77}},"19":{"start":{"line":26,"column":17},"end":{"line":26,"column":49}},"20":{"start":{"line":27,"column":2},"end":{"line":30,"column":4}},"21":{"start":{"line":34,"column":2},"end":{"line":35,"column":69}},"22":{"start":{"line":48,"column":2},"end":{"line":48,"column":49}},"23":{"start":{"line":50,"column":22},"end":{"line":50,"column":62}},"24":{"start":{"line":52,"column":2},"end":{"line":56,"column":3}},"25":{"start":{"line":53,"column":4},"end":{"line":53,"column":47}},"26":{"start":{"line":54,"column":4},"end":{"line":54,"column":34}},"27":{"start":{"line":55,"column":4},"end":{"line":55,"column":53}},"28":{"start":{"line":58,"column":24},"end":{"line":58,"column":56}},"29":{"start":{"line":60,"column":26},"end":{"line":60,"column":27}},"30":{"start":{"line":61,"column":21},"end":{"line":61,"column":22}},"31":{"start":{"line":63,"column":2},"end":{"line":85,"column":3}},"32":{"start":{"line":64,"column":4},"end":{"line":67,"column":5}},"33":{"start":{"line":65,"column":6},"end":{"line":65,"column":38}},"34":{"start":{"line":66,"column":6},"end":{"line":66,"column":15}},"35":{"start":{"line":69,"column":20},"end":{"line":69,"column":46}},"36":{"start":{"line":70,"column":4},"end":{"line":70,"column":71}},"37":{"start":{"line":72,"column":29},"end":{"line":72,"column":61}},"38":{"start":{"line":74,"column":4},"end":{"line":74,"column":74}},"39":{"start":{"line":76,"column":4},"end":{"line":81,"column":5}},"40":{"start":{"line":77,"column":6},"end":{"line":77,"column":75}},"41":{"start":{"line":79,"column":6},"end":{"line":79,"column":38}},"42":{"start":{"line":80,"column":6},"end":{"line":80,"column":26}},"43":{"start":{"line":83,"column":4},"end":{"line":83,"column":19}},"44":{"start":{"line":84,"column":4},"end":{"line":84,"column":15}},"45":{"start":{"line":87,"column":2},"end":{"line":87,"column":45}},"46":{"start":{"line":88,"column":2},"end":{"line":88,"column":20}},"47":{"start":{"line":89,"column":2},"end":{"line":89,"column":58}},"48":{"start":{"line":90,"column":2},"end":{"line":90,"column":52}},"49":{"start":{"line":92,"column":2},"end":{"line":92,"column":32}},"50":{"start":{"line":94,"column":2},"end":{"line":94,"column":45}}},"fnMap":{"0":{"name":"groupCommandsByTask","decl":{"start":{"line":3,"column":16},"end":{"line":3,"column":35}},"loc":{"start":{"line":3,"column":58},"end":{"line":15,"column":1}}},"1":{"name":"sortCommandsByPriority","decl":{"start":{"line":17,"column":16},"end":{"line":17,"column":38}},"loc":{"start":{"line":17,"column":61},"end":{"line":23,"column":1}}},"2":{"name":"(anonymous_2)","decl":{"start":{"line":18,"column":23},"end":{"line":18,"column":24}},"loc":{"start":{"line":18,"column":32},"end":{"line":22,"column":3}}},"3":{"name":"selectCommandsToRemove","decl":{"start":{"line":25,"column":16},"end":{"line":25,"column":38}},"loc":{"start":{"line":25,"column":61},"end":{"line":31,"column":1}}},"4":{"name":"formatTaskKey","decl":{"start":{"line":33,"column":16},"end":{"line":33,"column":29}},"loc":{"start":{"line":33,"column":49},"end":{"line":36,"column":1}}},"5":{"name":"cleanupDuplicateCommands","decl":{"start":{"line":44,"column":22},"end":{"line":44,"column":46}},"loc":{"start":{"line":46,"column":49},"end":{"line":95,"column":1}}}},"branchMap":{"0":{"loc":{"start":{"line":8,"column":4},"end":{"line":10,"column":5}},"type":"if","locations":[{"start":{"line":8,"column":4},"end":{"line":10,"column":5}},{"start":{},"end":{}}]},"1":{"loc":{"start":{"line":19,"column":4},"end":{"line":19,"column":98}},"type":"if","locations":[{"start":{"line":19,"column":4},"end":{"line":19,"column":98}},{"start":{},"end":{}}]},"2":{"loc":{"start":{"line":19,"column":8},"end":{"line":19,"column":86}},"type":"binary-expr","locations":[{"start":{"line":19,"column":8},"end":{"line":19,"column":45}},{"start":{"line":19,"column":49},"end":{"line":19,"column":86}}]},"3":{"loc":{"start":{"line":20,"column":4},"end":{"line":20,"column":97}},"type":"if","locations":[{"start":{"line":20,"column":4},"end":{"line":20,"column":97}},{"start":{},"end":{}}]},"4":{"loc":{"start":{"line":20,"column":8},"end":{"line":20,"column":86}},"type":"binary-expr","locations":[{"start":{"line":20,"column":8},"end":{"line":20,"column":45}},{"start":{"line":20,"column":49},"end":{"line":20,"column":86}}]},"5":{"loc":{"start":{"line":34,"column":9},"end":{"line":35,"column":68}},"type":"binary-expr","locations":[{"start":{"line":34,"column":9},"end":{"line":34,"column":32}},{"start":{"line":35,"column":4},"end":{"line":35,"column":68}}]},"6":{"loc":{"start":{"line":35,"column":7},"end":{"line":35,"column":42}},"type":"binary-expr","locations":[{"start":{"line":35,"column":7},"end":{"line":35,"column":32}},{"start":{"line":35,"column":36},"end":{"line":35,"column":42}}]},"7":{"loc":{"start":{"line":46,"column":2},"end":{"line":46,"column":49}},"type":"default-arg","locations":[{"start":{"line":46,"column":38},"end":{"line":46,"column":49}}]},"8":{"loc":{"start":{"line":52,"column":2},"end":{"line":56,"column":3}},"type":"if","locations":[{"start":{"line":52,"column":2},"end":{"line":56,"column":3}},{"start":{},"end":{}}]},"9":{"loc":{"start":{"line":64,"column":4},"end":{"line":67,"column":5}},"type":"if","locations":[{"start":{"line":64,"column":4},"end":{"line":67,"column":5}},{"start":{},"end":{}}]}},"s":{"0":0,"1":0,"2":0,"3":0,"4":0,"5":0,"6":0,"7":0,"8":0,"9":0,"10":0,"11":0,"12":0,"13":0,"14":0,"15":0,"16":0,"17":0,"18":0,"19":0,"20":0,"21":0,"22":0,"23":0,"24":0,"25":0,"26":0,"27":0,"28":0,"29":0,"30":0,"31":0,"32":0,"33":0,"34":0,"35":0,"36":0,"37":0,"38":0,"39":0,"40":0,"41":0,"42":0,"43":0,"44":0,"45":0,"46":0,"47":0,"48":0,"49":0,"50":0},"f":{"0":0,"1":0,"2":0,"3":0,"4":0,"5":0},"b":{"0":[0,0],"1":[0,0],"2":[0,0],"3":[0,0],"4":[0,0],"5":[0,0],"6":[0,0],"7":[0],"8":[0,0],"9":[0,0]}}
,"/workspace/repos/kai-delegator/src/coding-agent-factory.ts": {"path":"/workspace/repos/kai-delegator/src/coding-agent-factory.ts","statementMap":{"0":{"start":{"line":20,"column":0},"end":{"line":20,"column":16}},"1":{"start":{"line":24,"column":0},"end":{"line":24,"column":16}},"2":{"start":{"line":43,"column":0},"end":{"line":43,"column":16}},"3":{"start":{"line":57,"column":0},"end":{"line":57,"column":16}},"4":{"start":{"line":61,"column":0},"end":{"line":61,"column":16}},"5":{"start":{"line":2,"column":0},"end":{"line":2,"column":9}},"6":{"start":{"line":65,"column":9},"end":{"line":2,"column":26}},"7":{"start":{"line":65,"column":26},"end":{"line":2,"column":77}},"8":{"start":{"line":11,"column":57},"end":{"line":14,"column":2}},"9":{"start":{"line":16,"column":22},"end":{"line":18,"column":2}},"10":{"start":{"line":17,"column":17},"end":{"line":17,"column":40}},"11":{"start":{"line":21,"column":2},"end":{"line":21,"column":35}},"12":{"start":{"line":28,"column":18},"end":{"line":28,"column":41}},"13":{"start":{"line":30,"column":2},"end":{"line":32,"column":3}},"14":{"start":{"line":31,"column":4},"end":{"line":31,"column":123}},"15":{"start":{"line":34,"column":16},"end":{"line":34,"column":25}},"16":{"start":{"line":36,"column":2},"end":{"line":38,"column":3}},"17":{"start":{"line":37,"column":4},"end":{"line":37,"column":28}},"18":{"start":{"line":40,"column":2},"end":{"line":40,"column":15}},"19":{"start":{"line":46,"column":43},"end":{"line":49,"column":4}},"20":{"start":{"line":51,"column":20},"end":{"line":51,"column":39}},"21":{"start":{"line":52,"column":22},"end":{"line":52,"column":46}},"22":{"start":{"line":54,"column":2},"end":{"line":54,"column":51}},"23":{"start":{"line":58,"column":2},"end":{"line":58,"column":42}},"24":{"start":{"line":62,"column":2},"end":{"line":62,"column":33}}},"fnMap":{"0":{"name":"(anonymous_0)","decl":{"start":{"line":65,"column":9},"end":{"line":65,"column":24}},"loc":{"start":{"line":65,"column":9},"end":{"line":2,"column":26}}},"1":{"name":"(anonymous_1)","decl":{"start":{"line":65,"column":26},"end":{"line":65,"column":47}},"loc":{"start":{"line":65,"column":26},"end":{"line":2,"column":77}}},"2":{"name":"(anonymous_2)","decl":{"start":{"line":17,"column":11},"end":{"line":17,"column":14}},"loc":{"start":{"line":17,"column":17},"end":{"line":17,"column":40}}},"3":{"name":"registerAgent","decl":{"start":{"line":20,"column":16},"end":{"line":20,"column":29}},"loc":{"start":{"line":20,"column":79},"end":{"line":22,"column":1}}},"4":{"name":"createCodingAgent","decl":{"start":{"line":24,"column":16},"end":{"line":24,"column":33}},"loc":{"start":{"line":26,"column":37},"end":{"line":41,"column":1}}},"5":{"name":"createCodingAgentFromConfig","decl":{"start":{"line":43,"column":16},"end":{"line":43,"column":43}},"loc":{"start":{"line":44,"column":55},"end":{"line":55,"column":1}}},"6":{"name":"getAvailableAgents","decl":{"start":{"line":57,"column":16},"end":{"line":57,"column":34}},"loc":{"start":{"line":57,"column":34},"end":{"line":59,"column":1}}},"7":{"name":"isAgentAvailable","decl":{"start":{"line":61,"column":16},"end":{"line":61,"column":32}},"loc":{"start":{"line":61,"column":54},"end":{"line":63,"column":1}}}},"branchMap":{"0":{"loc":{"start":{"line":25,"column":2},"end":{"line":25,"column":32}},"type":"default-arg","locations":[{"start":{"line":25,"column":26},"end":{"line":25,"column":32}}]},"1":{"loc":{"start":{"line":30,"column":2},"end":{"line":32,"column":3}},"type":"if","locations":[{"start":{"line":30,"column":2},"end":{"line":32,"column":3}},{"start":{},"end":{}}]},"2":{"loc":{"start":{"line":36,"column":2},"end":{"line":38,"column":3}},"type":"if","locations":[{"start":{"line":36,"column":2},"end":{"line":38,"column":3}},{"start":{},"end":{}}]},"3":{"loc":{"start":{"line":44,"column":2},"end":{"line":44,"column":55}},"type":"default-arg","locations":[{"start":{"line":44,"column":53},"end":{"line":44,"column":55}}]}},"s":{"0":0,"1":0,"2":0,"3":0,"4":0,"5":0,"6":0,"7":0,"8":0,"9":0,"10":0,"11":0,"12":0,"13":0,"14":0,"15":0,"16":0,"17":0,"18":0,"19":0,"20":0,"21":0,"22":0,"23":0,"24":0},"f":{"0":0,"1":0,"2":0,"3":0,"4":0,"5":0,"6":0,"7":0},"b":{"0":[0],"1":[0,0],"2":[0,0],"3":[0]}}
,"/workspace/repos/kai-delegator/src/delegator-config.ts": {"path":"/workspace/repos/kai-delegator/src/delegator-config.ts","statementMap":{"0":{"start":{"line":1,"column":13},"end":{"line":12,"column":11}},"1":{"start":{"line":14,"column":13},"end":{"line":19,"column":11}}},"fnMap":{},"branchMap":{},"s":{"0":0,"1":0},"f":{},"b":{}}
,"/workspace/repos/kai-delegator/src/kilo-coding-agent.ts": {"path":"/workspace/repos/kai-delegator/src/kilo-coding-agent.ts","statementMap":{"0":{"start":{"line":183,"column":0},"end":{"line":183,"column":16}},"1":{"start":{"line":1,"column":0},"end":{"line":1,"column":37}},"2":{"start":{"line":2,"column":0},"end":{"line":2,"column":33}},"3":{"start":{"line":3,"column":0},"end":{"line":3,"column":25}},"4":{"start":{"line":4,"column":0},"end":{"line":4,"column":29}},"5":{"start":{"line":14,"column":18},"end":{"line":14,"column":33}},"6":{"start":{"line":16,"column":42},"end":{"line":22,"column":2}},"7":{"start":{"line":25,"column":18},"end":{"line":25,"column":24}},"8":{"start":{"line":27,"column":45},"end":{"line":27,"column":51}},"9":{"start":{"line":30,"column":4},"end":{"line":30,"column":51}},"10":{"start":{"line":34,"column":4},"end":{"line":34,"column":21}},"11":{"start":{"line":38,"column":4},"end":{"line":38,"column":48}},"12":{"start":{"line":42,"column":4},"end":{"line":50,"column":5}},"13":{"start":{"line":43,"column":21},"end":{"line":43,"column":45}},"14":{"start":{"line":44,"column":6},"end":{"line":46,"column":7}},"15":{"start":{"line":45,"column":8},"end":{"line":45,"column":29}},"16":{"start":{"line":47,"column":6},"end":{"line":47,"column":32}},"17":{"start":{"line":49,"column":6},"end":{"line":49,"column":21}},"18":{"start":{"line":54,"column":16},"end":{"line":54,"column":26}},"19":{"start":{"line":56,"column":4},"end":{"line":86,"column":5}},"20":{"start":{"line":57,"column":25},"end":{"line":59,"column":8}},"21":{"start":{"line":61,"column":22},"end":{"line":61,"column":35}},"22":{"start":{"line":63,"column":27},"end":{"line":63,"column":64}},"23":{"start":{"line":64,"column":6},"end":{"line":71,"column":7}},"24":{"start":{"line":65,"column":8},"end":{"line":70,"column":10}},"25":{"start":{"line":73,"column":6},"end":{"line":78,"column":8}},"26":{"start":{"line":80,"column":27},"end":{"line":80,"column":83}},"27":{"start":{"line":81,"column":6},"end":{"line":85,"column":8}},"28":{"start":{"line":90,"column":4},"end":{"line":90,"column":32}},"29":{"start":{"line":92,"column":4},"end":{"line":133,"column":5}},"30":{"start":{"line":93,"column":33},"end":{"line":100,"column":null}},"31":{"start":{"line":103,"column":21},"end":{"line":103,"column":55}},"32":{"start":{"line":104,"column":29},"end":{"line":105,"column":null}},"33":{"start":{"line":108,"column":23},"end":{"line":109,"column":91}},"34":{"start":{"line":111,"column":6},"end":{"line":111,"column":34}},"35":{"start":{"line":113,"column":6},"end":{"line":119,"column":8}},"36":{"start":{"line":121,"column":6},"end":{"line":121,"column":35}},"37":{"start":{"line":123,"column":27},"end":{"line":123,"column":83}},"38":{"start":{"line":124,"column":24},"end":{"line":124,"column":56}},"39":{"start":{"line":126,"column":6},"end":{"line":132,"column":8}},"40":{"start":{"line":137,"column":4},"end":{"line":159,"column":5}},"41":{"start":{"line":138,"column":26},"end":{"line":141,"column":null}},"42":{"start":{"line":144,"column":6},"end":{"line":146,"column":7}},"43":{"start":{"line":145,"column":8},"end":{"line":145,"column":18}},"44":{"start":{"line":148,"column":20},"end":{"line":148,"column":44}},"45":{"start":{"line":149,"column":23},"end":{"line":149,"column":70}},"46":{"start":{"line":150,"column":21},"end":{"line":150,"column":43}},"47":{"start":{"line":151,"column":17},"end":{"line":151,"column":46}},"48":{"start":{"line":152,"column":23},"end":{"line":152,"column":57}},"49":{"start":{"line":153,"column":6},"end":{"line":153,"column":53}},"50":{"start":{"line":154,"column":6},"end":{"line":154,"column":23}},"51":{"start":{"line":156,"column":6},"end":{"line":156,"column":38}},"52":{"start":{"line":158,"column":6},"end":{"line":158,"column":16}},"53":{"start":{"line":163,"column":4},"end":{"line":165,"column":5}},"54":{"start":{"line":164,"column":6},"end":{"line":164,"column":20}},"55":{"start":{"line":166,"column":4},"end":{"line":166,"column":71}},"56":{"start":{"line":170,"column":31},"end":{"line":177,"column":6}},"57":{"start":{"line":179,"column":4},"end":{"line":179,"column":76}},"58":{"start":{"line":179,"column":48},"end":{"line":179,"column":74}},"59":{"start":{"line":24,"column":0},"end":{"line":24,"column":13}},"60":{"start":{"line":184,"column":2},"end":{"line":184,"column":37}}},"fnMap":{"0":{"name":"(anonymous_9)","decl":{"start":{"line":29,"column":2},"end":{"line":29,"column":14}},"loc":{"start":{"line":29,"column":53},"end":{"line":31,"column":3}}},"1":{"name":"(anonymous_10)","decl":{"start":{"line":33,"column":2},"end":{"line":33,"column":9}},"loc":{"start":{"line":33,"column":9},"end":{"line":35,"column":3}}},"2":{"name":"(anonymous_11)","decl":{"start":{"line":37,"column":2},"end":{"line":37,"column":11}},"loc":{"start":{"line":37,"column":46},"end":{"line":39,"column":3}}},"3":{"name":"(anonymous_12)","decl":{"start":{"line":41,"column":2},"end":{"line":41,"column":7}},"loc":{"start":{"line":41,"column":17},"end":{"line":51,"column":3}}},"4":{"name":"(anonymous_13)","decl":{"start":{"line":53,"column":2},"end":{"line":53,"column":7}},"loc":{"start":{"line":53,"column":19},"end":{"line":87,"column":3}}},"5":{"name":"(anonymous_14)","decl":{"start":{"line":89,"column":2},"end":{"line":89,"column":7}},"loc":{"start":{"line":89,"column":30},"end":{"line":134,"column":3}}},"6":{"name":"(anonymous_15)","decl":{"start":{"line":136,"column":10},"end":{"line":136,"column":25}},"loc":{"start":{"line":136,"column":41},"end":{"line":160,"column":3}}},"7":{"name":"(anonymous_16)","decl":{"start":{"line":162,"column":10},"end":{"line":162,"column":24}},"loc":{"start":{"line":162,"column":39},"end":{"line":167,"column":3}}},"8":{"name":"(anonymous_17)","decl":{"start":{"line":169,"column":10},"end":{"line":169,"column":23}},"loc":{"start":{"line":169,"column":38},"end":{"line":180,"column":3}}},"9":{"name":"(anonymous_18)","decl":{"start":{"line":179,"column":35},"end":{"line":179,"column":36}},"loc":{"start":{"line":179,"column":48},"end":{"line":179,"column":74}}},"10":{"name":"createKiloCodingAgent","decl":{"start":{"line":183,"column":16},"end":{"line":183,"column":37}},"loc":{"start":{"line":183,"column":73},"end":{"line":185,"column":1}}}},"branchMap":{"0":{"loc":{"start":{"line":29,"column":14},"end":{"line":29,"column":53}},"type":"default-arg","locations":[{"start":{"line":29,"column":51},"end":{"line":29,"column":53}}]},"1":{"loc":{"start":{"line":44,"column":6},"end":{"line":46,"column":7}},"type":"if","locations":[{"start":{"line":44,"column":6},"end":{"line":46,"column":7}},{"start":{},"end":{}}]},"2":{"loc":{"start":{"line":64,"column":6},"end":{"line":71,"column":7}},"type":"if","locations":[{"start":{"line":64,"column":6},"end":{"line":71,"column":7}},{"start":{},"end":{}}]},"3":{"loc":{"start":{"line":80,"column":27},"end":{"line":80,"column":83}},"type":"cond-expr","locations":[{"start":{"line":80,"column":52},"end":{"line":80,"column":65}},{"start":{"line":80,"column":68},"end":{"line":80,"column":83}}]},"4":{"loc":{"start":{"line":108,"column":23},"end":{"line":109,"column":91}},"type":"binary-expr","locations":[{"start":{"line":108,"column":23},"end":{"line":108,"column":57}},{"start":{"line":109,"column":24},"end":{"line":109,"column":30}},{"start":{"line":109,"column":34},"end":{"line":109,"column":58}},{"start":{"line":109,"column":62},"end":{"line":109,"column":90}}]},"5":{"loc":{"start":{"line":116,"column":15},"end":{"line":116,"column":73}},"type":"cond-expr","locations":[{"start":{"line":116,"column":26},"end":{"line":116,"column":61}},{"start":{"line":116,"column":64},"end":{"line":116,"column":73}}]},"6":{"loc":{"start":{"line":118,"column":18},"end":{"line":118,"column":34}},"type":"cond-expr","locations":[{"start":{"line":118,"column":29},"end":{"line":118,"column":30}},{"start":{"line":118,"column":33},"end":{"line":118,"column":34}}]},"7":{"loc":{"start":{"line":123,"column":27},"end":{"line":123,"column":83}},"type":"cond-expr","locations":[{"start":{"line":123,"column":52},"end":{"line":123,"column":65}},{"start":{"line":123,"column":68},"end":{"line":123,"column":83}}]},"8":{"loc":{"start":{"line":129,"column":15},"end":{"line":129,"column":61}},"type":"cond-expr","locations":[{"start":{"line":129,"column":27},"end":{"line":129,"column":46}},{"start":{"line":129,"column":49},"end":{"line":129,"column":61}}]},"9":{"loc":{"start":{"line":144,"column":6},"end":{"line":146,"column":7}},"type":"if","locations":[{"start":{"line":144,"column":6},"end":{"line":146,"column":7}},{"start":{},"end":{}}]},"10":{"loc":{"start":{"line":163,"column":4},"end":{"line":165,"column":5}},"type":"if","locations":[{"start":{"line":163,"column":4},"end":{"line":165,"column":5}},{"start":{},"end":{}}]},"11":{"loc":{"start":{"line":163,"column":8},"end":{"line":163,"column":61}},"type":"binary-expr","locations":[{"start":{"line":163,"column":8},"end":{"line":163,"column":15}},{"start":{"line":163,"column":19},"end":{"line":163,"column":61}}]},"12":{"loc":{"start":{"line":179,"column":61},"end":{"line":179,"column":73}},"type":"binary-expr","locations":[{"start":{"line":179,"column":61},"end":{"line":179,"column":67}},{"start":{"line":179,"column":71},"end":{"line":179,"column":73}}]}},"s":{"0":0,"1":0,"2":0,"3":0,"4":0,"5":0,"6":0,"7":0,"8":0,"9":0,"10":0,"11":0,"12":0,"13":0,"14":0,"15":0,"16":0,"17":0,"18":0,"19":0,"20":0,"21":0,"22":0,"23":0,"24":0,"25":0,"26":0,"27":0,"28":0,"29":0,"30":0,"31":0,"32":0,"33":0,"34":0,"35":0,"36":0,"37":0,"38":0,"39":0,"40":0,"41":0,"42":0,"43":0,"44":0,"45":0,"46":0,"47":0,"48":0,"49":0,"50":0,"51":0,"52":0,"53":0,"54":0,"55":0,"56":0,"57":0,"58":0,"59":0,"60":0},"f":{"0":0,"1":0,"2":0,"3":0,"4":0,"5":0,"6":0,"7":0,"8":0,"9":0,"10":0},"b":{"0":[0],"1":[0,0],"2":[0,0],"3":[0,0],"4":[0,0,0,0],"5":[0,0],"6":[0,0],"7":[0,0],"8":[0,0],"9":[0,0],"10":[0,0],"11":[0,0],"12":[0,0]}}
,"/workspace/repos/kai-delegator/src/model-alternator.ts": {"path":"/workspace/repos/kai-delegator/src/model-alternator.ts","statementMap":{"0":{"start":{"line":31,"column":0},"end":{"line":31,"column":16}},"1":{"start":{"line":1,"column":13},"end":{"line":4,"column":11}},"2":{"start":{"line":9,"column":31},"end":{"line":9,"column":32}},"3":{"start":{"line":12,"column":20},"end":{"line":12,"column":35}},"4":{"start":{"line":13,"column":4},"end":{"line":13,"column":48}},"5":{"start":{"line":14,"column":4},"end":{"line":14,"column":19}},"6":{"start":{"line":18,"column":23},"end":{"line":18,"column":47}},"7":{"start":{"line":19,"column":4},"end":{"line":19,"column":56}},"8":{"start":{"line":23,"column":4},"end":{"line":23,"column":27}},"9":{"start":{"line":27,"column":4},"end":{"line":27,"column":24}},"10":{"start":{"line":8,"column":0},"end":{"line":8,"column":13}},"11":{"start":{"line":32,"column":2},"end":{"line":32,"column":31}}},"fnMap":{"0":{"name":"(anonymous_0)","decl":{"start":{"line":11,"column":2},"end":{"line":11,"column":19}},"loc":{"start":{"line":11,"column":19},"end":{"line":15,"column":3}}},"1":{"name":"(anonymous_1)","decl":{"start":{"line":17,"column":2},"end":{"line":17,"column":14}},"loc":{"start":{"line":17,"column":14},"end":{"line":20,"column":3}}},"2":{"name":"(anonymous_2)","decl":{"start":{"line":22,"column":2},"end":{"line":22,"column":22}},"loc":{"start":{"line":22,"column":22},"end":{"line":24,"column":3}}},"3":{"name":"(anonymous_3)","decl":{"start":{"line":26,"column":2},"end":{"line":26,"column":7}},"loc":{"start":{"line":26,"column":7},"end":{"line":28,"column":3}}},"4":{"name":"createModelAlternator","decl":{"start":{"line":31,"column":16},"end":{"line":31,"column":37}},"loc":{"start":{"line":31,"column":37},"end":{"line":33,"column":1}}}},"branchMap":{"0":{"loc":{"start":{"line":19,"column":11},"end":{"line":19,"column":55}},"type":"cond-expr","locations":[{"start":{"line":19,"column":30},"end":{"line":19,"column":41}},{"start":{"line":19,"column":44},"end":{"line":19,"column":55}}]}},"s":{"0":0,"1":0,"2":0,"3":0,"4":0,"5":0,"6":0,"7":0,"8":0,"9":0,"10":0,"11":0},"f":{"0":0,"1":0,"2":0,"3":0,"4":0},"b":{"0":[0,0]}}
}
