TN:
SF:src/check-existing-command.ts
FN:3,(anonymous_0)
FN:29,checkExistingKaiCommand
FN:65,findAndCheckExistingCommand
FN:74,isStatusReusable
FN:78,isStatusBlocking
FNF:5
FNH:5
FNDA:1,(anonymous_0)
FNDA:11,checkExistingKaiCommand
FNDA:5,findAndCheckExistingCommand
FNDA:4,isStatusReusable
FNDA:4,isStatusBlocking
DA:1,1
DA:3,1
DA:4,1
DA:5,1
DA:6,1
DA:19,1
DA:24,1
DA:29,1
DA:32,11
DA:33,2
DA:40,9
DA:42,9
DA:43,4
DA:50,5
DA:51,4
DA:58,1
DA:65,1
DA:70,5
DA:71,5
DA:74,1
DA:75,4
DA:78,1
DA:79,4
LF:23
LH:23
BRDA:3,0,0,1
BRDA:3,0,1,1
BRDA:32,1,0,2
BRDA:32,1,1,9
BRDA:42,2,0,4
BRDA:42,2,1,5
BRDA:50,3,0,4
BRDA:50,3,1,1
BRF:8
BRH:8
end_of_record
TN:
SF:src/cleanup-duplicates.ts
FN:3,groupCommandsByTask
FN:17,sortCommandsByPriority
FN:18,(anonymous_2)
FN:25,selectCommandsToRemove
FN:33,formatTaskKey
FN:44,cleanupDuplicateCommands
FNF:6
FNH:6
FNDA:6,groupCommandsByTask
FNDA:9,sortCommandsByPriority
FNDA:11,(anonymous_2)
FNDA:6,selectCommandsToRemove
FNDA:7,formatTaskKey
FNDA:5,cleanupDuplicateCommands
DA:1,1
DA:3,1
DA:4,6
DA:6,6
DA:7,13
DA:8,13
DA:9,8
DA:11,13
DA:14,6
DA:17,1
DA:18,9
DA:19,11
DA:20,7
DA:21,5
DA:25,1
DA:26,6
DA:27,6
DA:33,1
DA:34,7
DA:44,1
DA:48,5
DA:50,5
DA:52,5
DA:53,1
DA:54,1
DA:55,1
DA:58,4
DA:60,4
DA:61,4
DA:63,4
DA:64,6
DA:65,2
DA:66,2
DA:69,4
DA:70,4
DA:72,4
DA:74,4
DA:76,4
DA:77,4
DA:79,4
DA:80,4
DA:83,4
DA:84,4
DA:87,4
DA:88,4
DA:89,4
DA:90,4
DA:92,4
DA:94,4
LF:49
LH:49
BRDA:8,0,0,8
BRDA:8,0,1,5
BRDA:19,1,0,4
BRDA:19,1,1,7
BRDA:19,2,0,11
BRDA:19,2,1,4
BRDA:20,3,0,2
BRDA:20,3,1,5
BRDA:20,4,0,7
BRDA:20,4,1,7
BRDA:34,5,0,7
BRDA:34,5,1,6
BRDA:35,6,0,6
BRDA:35,6,1,1
BRDA:46,7,0,4
BRDA:52,8,0,1
BRDA:52,8,1,4
BRDA:64,9,0,2
BRDA:64,9,1,4
BRF:19
BRH:19
end_of_record
TN:
SF:src/coding-agent-factory.ts
FN:65,(anonymous_0)
FN:65,(anonymous_1)
FN:17,(anonymous_2)
FN:20,registerAgent
FN:24,createCodingAgent
FN:43,createCodingAgentFromConfig
FN:57,getAvailableAgents
FN:61,isAgentAvailable
FNF:8
FNH:6
FNDA:0,(anonymous_0)
FNDA:0,(anonymous_1)
FNDA:5,(anonymous_2)
FNDA:1,registerAgent
FNDA:7,createCodingAgent
FNDA:2,createCodingAgentFromConfig
FNDA:1,getAvailableAgents
FNDA:3,isAgentAvailable
DA:2,1
DA:11,1
DA:16,1
DA:17,5
DA:20,1
DA:21,1
DA:24,1
DA:28,7
DA:30,7
DA:31,1
DA:34,6
DA:36,6
DA:37,1
DA:40,6
DA:43,1
DA:46,2
DA:51,2
DA:52,2
DA:54,2
DA:57,1
DA:58,1
DA:61,1
DA:62,3
DA:65,1
LF:24
LH:24
BRDA:25,0,0,1
BRDA:30,1,0,1
BRDA:30,1,1,6
BRDA:36,2,0,1
BRDA:36,2,1,5
BRDA:44,3,0,1
BRF:6
BRH:6
end_of_record
TN:
SF:src/delegator-config.ts
FNF:0
FNH:0
DA:1,0
DA:14,0
LF:2
LH:0
BRF:0
BRH:0
end_of_record
TN:
SF:src/kilo-coding-agent.ts
FN:29,(anonymous_9)
FN:33,(anonymous_10)
FN:37,(anonymous_11)
FN:41,(anonymous_12)
FN:53,(anonymous_13)
FN:89,(anonymous_14)
FN:136,(anonymous_15)
FN:162,(anonymous_16)
FN:169,(anonymous_17)
FN:179,(anonymous_18)
FN:183,createKiloCodingAgent
FNF:11
FNH:6
FNDA:12,(anonymous_9)
FNDA:6,(anonymous_10)
FNDA:2,(anonymous_11)
FNDA:1,(anonymous_12)
FNDA:3,(anonymous_13)
FNDA:0,(anonymous_14)
FNDA:0,(anonymous_15)
FNDA:0,(anonymous_16)
FNDA:0,(anonymous_17)
FNDA:0,(anonymous_18)
FNDA:7,createKiloCodingAgent
DA:1,1
DA:2,1
DA:3,1
DA:4,1
DA:14,1
DA:16,1
DA:24,1
DA:25,12
DA:27,12
DA:30,12
DA:34,6
DA:38,2
DA:42,1
DA:43,1
DA:44,1
DA:45,1
DA:47,0
DA:49,0
DA:54,3
DA:56,3
DA:57,3
DA:61,3
DA:63,3
DA:64,3
DA:65,3
DA:73,0
DA:80,0
DA:81,0
DA:90,0
DA:92,0
DA:93,0
DA:103,0
DA:104,0
DA:108,0
DA:111,0
DA:113,0
DA:121,0
DA:123,0
DA:124,0
DA:126,0
DA:137,0
DA:138,0
DA:144,0
DA:145,0
DA:148,0
DA:149,0
DA:150,0
DA:151,0
DA:152,0
DA:153,0
DA:154,0
DA:156,0
DA:158,0
DA:163,0
DA:164,0
DA:166,0
DA:170,0
DA:179,0
DA:183,1
DA:184,7
LF:60
LH:25
BRDA:29,0,0,6
BRDA:44,1,0,1
BRDA:44,1,1,0
BRDA:64,2,0,3
BRDA:64,2,1,0
BRDA:80,3,0,0
BRDA:80,3,1,0
BRDA:108,4,0,0
BRDA:108,4,1,0
BRDA:108,4,2,0
BRDA:108,4,3,0
BRDA:116,5,0,0
BRDA:116,5,1,0
BRDA:118,6,0,0
BRDA:118,6,1,0
BRDA:123,7,0,0
BRDA:123,7,1,0
BRDA:129,8,0,0
BRDA:129,8,1,0
BRDA:144,9,0,0
BRDA:144,9,1,0
BRDA:163,10,0,0
BRDA:163,10,1,0
BRDA:163,11,0,0
BRDA:163,11,1,0
BRDA:179,12,0,0
BRDA:179,12,1,0
BRF:27
BRH:3
end_of_record
TN:
SF:src/model-alternator.ts
FN:11,(anonymous_0)
FN:17,(anonymous_1)
FN:22,(anonymous_2)
FN:26,(anonymous_3)
FN:31,createModelAlternator
FNF:5
FNH:5
FNDA:20,(anonymous_0)
FNDA:5,(anonymous_1)
FNDA:8,(anonymous_2)
FNDA:1,(anonymous_3)
FNDA:3,createModelAlternator
DA:1,1
DA:8,1
DA:9,11
DA:12,20
DA:13,20
DA:14,20
DA:18,5
DA:19,5
DA:23,8
DA:27,1
DA:31,1
DA:32,3
LF:12
LH:12
BRDA:19,0,0,3
BRDA:19,0,1,2
BRF:2
BRH:2
end_of_record
TN:
SF:src/process-health-monitor.ts
FN:69,isComplexTask
FN:70,(anonymous_1)
FN:80,(anonymous_2)
FN:84,(anonymous_3)
FN:88,(anonymous_4)
FN:92,(anonymous_5)
FN:105,(anonymous_6)
FN:113,(anonymous_7)
FN:117,(anonymous_8)
FN:126,(anonymous_9)
FN:152,(anonymous_10)
FN:208,(anonymous_11)
FN:217,(anonymous_12)
FN:222,(anonymous_13)
FN:233,(anonymous_14)
FN:257,(anonymous_15)
FN:262,(anonymous_16)
FN:274,(anonymous_17)
FN:282,(anonymous_18)
FN:286,(anonymous_19)
FN:291,createProcessHealthMonitor
FN:295,killProcessTree
FN:296,(anonymous_22)
FN:298,(anonymous_23)
FN:301,(anonymous_24)
FNF:25
FNH:19
FNDA:17,isComplexTask
FNDA:97,(anonymous_1)
FNDA:35,(anonymous_2)
FNDA:1,(anonymous_3)
FNDA:3,(anonymous_4)
FNDA:6,(anonymous_5)
FNDA:3,(anonymous_6)
FNDA:4,(anonymous_7)
FNDA:18,(anonymous_8)
FNDA:9,(anonymous_9)
FNDA:9,(anonymous_10)
FNDA:3,(anonymous_11)
FNDA:2,(anonymous_12)
FNDA:0,(anonymous_13)
FNDA:3,(anonymous_14)
FNDA:3,(anonymous_15)
FNDA:0,(anonymous_16)
FNDA:38,(anonymous_17)
FNDA:4,(anonymous_18)
FNDA:6,(anonymous_19)
FNDA:2,createProcessHealthMonitor
FNDA:0,killProcessTree
FNDA:0,(anonymous_22)
FNDA:0,(anonymous_23)
FNDA:0,(anonymous_24)
DA:1,1
DA:2,1
DA:4,1
DA:47,1
DA:57,1
DA:69,1
DA:70,97
DA:73,1
DA:75,35
DA:76,35
DA:77,35
DA:78,35
DA:81,35
DA:85,1
DA:89,3
DA:93,6
DA:101,6
DA:102,6
DA:106,3
DA:107,3
DA:108,2
DA:110,3
DA:114,4
DA:118,18
DA:119,18
DA:120,10
DA:122,8
DA:127,9
DA:128,9
DA:133,8
DA:134,8
DA:135,8
DA:136,8
DA:138,8
DA:144,1
DA:153,9
DA:154,9
DA:155,9
DA:156,9
DA:158,9
DA:159,9
DA:161,9
DA:162,9
DA:164,9
DA:165,9
DA:166,9
DA:167,0
DA:169,9
DA:171,9
DA:181,9
DA:182,9
DA:184,9
DA:185,2
DA:186,2
DA:187,7
DA:188,3
DA:189,3
DA:190,3
DA:191,3
DA:192,4
DA:193,1
DA:194,1
DA:195,3
DA:196,1
DA:197,1
DA:200,9
DA:209,3
DA:210,3
DA:211,3
DA:212,1
DA:215,2
DA:217,2
DA:219,2
DA:220,2
DA:221,0
DA:222,0
DA:225,2
DA:227,0
DA:228,0
DA:229,0
DA:234,3
DA:236,3
DA:237,3
DA:238,3
DA:240,3
DA:241,1
DA:243,1
DA:244,1
DA:250,1
DA:254,3
DA:258,3
DA:259,1
DA:262,2
DA:263,0
DA:264,0
DA:266,0
DA:267,0
DA:271,2
DA:275,38
DA:276,2
DA:277,2
DA:279,38
DA:283,4
DA:287,6
DA:291,1
DA:292,2
DA:295,1
DA:296,0
DA:297,0
DA:298,0
DA:299,0
DA:300,0
DA:301,0
DA:302,0
DA:303,0
DA:305,0
DA:308,0
DA:311,0
LF:118
LH:97
BRDA:80,0,0,2
BRDA:107,1,0,2
BRDA:107,1,1,1
BRDA:134,2,0,8
BRDA:134,2,1,0
BRDA:135,3,0,8
BRDA:135,3,1,0
BRDA:156,4,0,1
BRDA:156,4,1,8
BRDA:159,5,0,7
BRDA:159,5,1,2
BRDA:162,6,0,9
BRDA:162,6,1,3
BRDA:164,7,0,9
BRDA:164,7,1,6
BRDA:166,8,0,0
BRDA:166,8,1,9
BRDA:184,9,0,2
BRDA:184,9,1,7
BRDA:187,10,0,3
BRDA:187,10,1,4
BRDA:191,11,0,1
BRDA:191,11,1,2
BRDA:192,12,0,1
BRDA:192,12,1,3
BRDA:195,13,0,1
BRDA:195,13,1,2
BRDA:211,14,0,1
BRDA:211,14,1,2
BRDA:220,15,0,0
BRDA:220,15,1,2
BRDA:227,16,0,0
BRDA:227,16,1,0
BRDA:240,17,0,1
BRDA:240,17,1,2
BRDA:243,18,0,1
BRDA:243,18,1,0
BRDA:243,19,0,1
BRDA:243,19,1,1
BRDA:258,20,0,1
BRDA:258,20,1,2
BRDA:266,21,0,0
BRDA:266,21,1,0
BRDA:275,22,0,2
BRDA:275,22,1,36
BRF:45
BRH:36
end_of_record
TN:
SF:src/structured-logger.ts
FN:4,(anonymous_9)
FN:11,(anonymous_10)
FN:98,(anonymous_11)
FN:103,(anonymous_12)
FN:104,(anonymous_13)
FN:105,(anonymous_14)
FN:109,(anonymous_15)
FN:115,(anonymous_16)
FN:119,(anonymous_17)
FN:123,(anonymous_18)
FN:127,(anonymous_19)
FN:131,(anonymous_20)
FN:138,(anonymous_21)
FN:148,(anonymous_22)
FN:170,(anonymous_23)
FN:174,(anonymous_24)
FN:191,(anonymous_25)
FN:201,(anonymous_26)
FN:206,(anonymous_27)
FN:236,(anonymous_28)
FN:272,(anonymous_29)
FN:283,(anonymous_30)
FN:295,(anonymous_31)
FN:300,(anonymous_32)
FN:305,(anonymous_33)
FN:310,(anonymous_34)
FN:319,(anonymous_35)
FN:323,(anonymous_36)
FN:327,(anonymous_37)
FN:331,(anonymous_38)
FN:335,(anonymous_39)
FN:339,(anonymous_40)
FN:347,(anonymous_41)
FN:355,(anonymous_42)
FN:363,(anonymous_43)
FN:364,(anonymous_44)
FN:370,(anonymous_45)
FN:373,(anonymous_46)
FN:377,(anonymous_47)
FN:384,createStructuredLogger
FN:388,getStructuredLogger
FN:395,resetStructuredLogger
FNF:42
FNH:39
FNDA:1,(anonymous_9)
FNDA:1,(anonymous_10)
FNDA:54,(anonymous_11)
FNDA:54,(anonymous_12)
FNDA:0,(anonymous_13)
FNDA:0,(anonymous_14)
FNDA:0,(anonymous_15)
FNDA:1,(anonymous_16)
FNDA:1,(anonymous_17)
FNDA:46,(anonymous_18)
FNDA:44,(anonymous_19)
FNDA:47,(anonymous_20)
FNDA:8,(anonymous_21)
FNDA:41,(anonymous_22)
FNDA:30,(anonymous_23)
FNDA:64,(anonymous_24)
FNDA:30,(anonymous_25)
FNDA:3,(anonymous_26)
FNDA:42,(anonymous_27)
FNDA:4,(anonymous_28)
FNDA:4,(anonymous_29)
FNDA:2,(anonymous_30)
FNDA:3,(anonymous_31)
FNDA:30,(anonymous_32)
FNDA:3,(anonymous_33)
FNDA:4,(anonymous_34)
FNDA:1,(anonymous_35)
FNDA:1,(anonymous_36)
FNDA:1,(anonymous_37)
FNDA:1,(anonymous_38)
FNDA:2,(anonymous_39)
FNDA:2,(anonymous_40)
FNDA:60,(anonymous_41)
FNDA:1,(anonymous_42)
FNDA:6,(anonymous_43)
FNDA:5,(anonymous_44)
FNDA:5,(anonymous_45)
FNDA:7,(anonymous_46)
FNDA:1,(anonymous_47)
FNDA:2,createStructuredLogger
FNDA:8,getStructuredLogger
FNDA:41,resetStructuredLogger
DA:1,1
DA:2,1
DA:4,1
DA:5,1
DA:6,1
DA:7,1
DA:8,1
DA:11,1
DA:12,1
DA:13,1
DA:14,1
DA:15,1
DA:16,1
DA:17,1
DA:49,1
DA:58,1
DA:65,1
DA:76,1
DA:83,1
DA:92,1
DA:94,54
DA:95,54
DA:96,54
DA:99,54
DA:100,54
DA:104,54
DA:105,54
DA:106,0
DA:107,0
DA:109,54
DA:110,0
DA:111,0
DA:116,1
DA:120,1
DA:124,46
DA:128,44
DA:132,47
DA:139,8
DA:140,8
DA:141,8
DA:142,1
DA:144,7
DA:145,7
DA:149,41
DA:150,41
DA:152,41
DA:156,41
DA:160,41
DA:164,41
DA:171,30
DA:175,64
DA:177,30
DA:178,30
DA:179,29
DA:181,1
DA:185,30
DA:186,4
DA:187,4
DA:192,30
DA:194,30
DA:195,1
DA:196,1
DA:199,29
DA:201,29
DA:202,3
DA:214,42
DA:216,40
DA:226,40
DA:227,37
DA:230,40
DA:231,27
DA:232,27
DA:245,4
DA:247,4
DA:262,4
DA:263,4
DA:266,4
DA:267,3
DA:268,3
DA:279,4
DA:280,4
DA:291,2
DA:292,2
DA:296,3
DA:297,3
DA:301,30
DA:302,30
DA:306,3
DA:307,3
DA:311,4
DA:312,4
DA:313,2
DA:315,2
DA:320,1
DA:324,1
DA:328,1
DA:332,1
DA:336,2
DA:340,2
DA:341,1
DA:343,1
DA:348,60
DA:349,25
DA:350,25
DA:352,60
DA:356,1
DA:364,6
DA:365,5
DA:366,5
DA:368,1
DA:370,5
DA:374,7
DA:378,1
DA:382,1
DA:384,1
DA:385,2
DA:388,1
DA:389,8
DA:390,5
DA:392,8
DA:395,1
DA:396,41
DA:397,5
DA:398,5
LF:124
LH:120
BRDA:4,0,0,1
BRDA:4,0,1,1
BRDA:11,1,0,1
BRDA:11,1,1,1
BRDA:98,2,0,5
BRDA:141,3,0,1
BRDA:141,3,1,7
BRDA:152,4,0,6
BRDA:152,4,1,35
BRDA:156,5,0,4
BRDA:156,5,1,37
BRDA:160,6,0,3
BRDA:160,6,1,38
BRDA:175,7,0,34
BRDA:175,7,1,30
BRDA:182,8,0,1
BRDA:182,8,1,0
BRDA:185,9,0,4
BRDA:185,9,1,26
BRDA:192,10,0,0
BRDA:192,10,1,30
BRDA:194,11,0,1
BRDA:194,11,1,29
BRDA:199,12,0,0
BRDA:199,12,1,29
BRDA:214,13,0,2
BRDA:214,13,1,40
BRDA:222,14,0,40
BRDA:222,14,1,4
BRDA:223,15,0,40
BRDA:223,15,1,2
BRDA:226,16,0,37
BRDA:226,16,1,3
BRDA:230,17,0,27
BRDA:230,17,1,13
BRDA:245,18,0,0
BRDA:245,18,1,4
BRDA:258,19,0,4
BRDA:258,19,1,2
BRDA:259,20,0,4
BRDA:259,20,1,1
BRDA:262,21,0,4
BRDA:262,21,1,0
BRDA:266,22,0,3
BRDA:266,22,1,1
BRDA:312,23,0,2
BRDA:312,23,1,2
BRDA:340,24,0,1
BRDA:340,24,1,1
BRDA:348,25,0,25
BRDA:348,25,1,35
BRDA:389,26,0,5
BRDA:389,26,1,3
BRDA:396,27,0,5
BRDA:396,27,1,36
BRF:55
BRH:50
end_of_record
