TN:
SF:src/check-existing-command.ts
FN:3,(anonymous_0)
FN:29,checkExistingKaiCommand
FN:65,findAndCheckExistingCommand
FN:74,isStatusReusable
FN:78,isStatusBlocking
FNF:5
FNH:5
FNDA:1,(anonymous_0)
FNDA:11,checkExistingKaiCommand
FNDA:5,findAndCheckExistingCommand
FNDA:4,isStatusReusable
FNDA:4,isStatusBlocking
DA:1,1
DA:3,1
DA:4,1
DA:5,1
DA:6,1
DA:19,1
DA:24,1
DA:29,1
DA:32,11
DA:33,2
DA:40,9
DA:42,9
DA:43,4
DA:50,5
DA:51,4
DA:58,1
DA:65,1
DA:70,5
DA:71,5
DA:74,1
DA:75,4
DA:78,1
DA:79,4
LF:23
LH:23
BRDA:3,0,0,1
BRDA:3,0,1,1
BRDA:32,1,0,2
BRDA:32,1,1,9
BRDA:42,2,0,4
BRDA:42,2,1,5
BRDA:50,3,0,4
BRDA:50,3,1,1
BRF:8
BRH:8
end_of_record
TN:
SF:src/cleanup-duplicates.ts
FN:3,groupCommandsByTask
FN:17,sortCommandsByPriority
FN:18,(anonymous_2)
FN:25,selectCommandsToRemove
FN:33,formatTaskKey
FN:44,cleanupDuplicateCommands
FNF:6
FNH:0
FNDA:0,groupCommandsByTask
FNDA:0,sortCommandsByPriority
FNDA:0,(anonymous_2)
FNDA:0,selectCommandsToRemove
FNDA:0,formatTaskKey
FNDA:0,cleanupDuplicateCommands
DA:1,0
DA:3,0
DA:4,0
DA:6,0
DA:7,0
DA:8,0
DA:9,0
DA:11,0
DA:14,0
DA:17,0
DA:18,0
DA:19,0
DA:20,0
DA:21,0
DA:25,0
DA:26,0
DA:27,0
DA:33,0
DA:34,0
DA:44,0
DA:48,0
DA:50,0
DA:52,0
DA:53,0
DA:54,0
DA:55,0
DA:58,0
DA:60,0
DA:61,0
DA:63,0
DA:64,0
DA:65,0
DA:66,0
DA:69,0
DA:70,0
DA:72,0
DA:74,0
DA:76,0
DA:77,0
DA:79,0
DA:80,0
DA:83,0
DA:84,0
DA:87,0
DA:88,0
DA:89,0
DA:90,0
DA:92,0
DA:94,0
LF:49
LH:0
BRDA:8,0,0,0
BRDA:8,0,1,0
BRDA:19,1,0,0
BRDA:19,1,1,0
BRDA:19,2,0,0
BRDA:19,2,1,0
BRDA:20,3,0,0
BRDA:20,3,1,0
BRDA:20,4,0,0
BRDA:20,4,1,0
BRDA:34,5,0,0
BRDA:34,5,1,0
BRDA:35,6,0,0
BRDA:35,6,1,0
BRDA:46,7,0,0
BRDA:52,8,0,0
BRDA:52,8,1,0
BRDA:64,9,0,0
BRDA:64,9,1,0
BRF:19
BRH:0
end_of_record
TN:
SF:src/coding-agent-factory.ts
FN:65,(anonymous_0)
FN:65,(anonymous_1)
FN:17,(anonymous_2)
FN:20,registerAgent
FN:24,createCodingAgent
FN:43,createCodingAgentFromConfig
FN:57,getAvailableAgents
FN:61,isAgentAvailable
FNF:8
FNH:0
FNDA:0,(anonymous_0)
FNDA:0,(anonymous_1)
FNDA:0,(anonymous_2)
FNDA:0,registerAgent
FNDA:0,createCodingAgent
FNDA:0,createCodingAgentFromConfig
FNDA:0,getAvailableAgents
FNDA:0,isAgentAvailable
DA:2,0
DA:11,0
DA:16,0
DA:17,0
DA:20,0
DA:21,0
DA:24,0
DA:28,0
DA:30,0
DA:31,0
DA:34,0
DA:36,0
DA:37,0
DA:40,0
DA:43,0
DA:46,0
DA:51,0
DA:52,0
DA:54,0
DA:57,0
DA:58,0
DA:61,0
DA:62,0
DA:65,0
LF:24
LH:0
BRDA:25,0,0,0
BRDA:30,1,0,0
BRDA:30,1,1,0
BRDA:36,2,0,0
BRDA:36,2,1,0
BRDA:44,3,0,0
BRF:6
BRH:0
end_of_record
TN:
SF:src/delegator-config.ts
FNF:0
FNH:0
DA:1,0
DA:14,0
LF:2
LH:0
BRF:0
BRH:0
end_of_record
TN:
SF:src/kilo-coding-agent.ts
FN:29,(anonymous_9)
FN:33,(anonymous_10)
FN:37,(anonymous_11)
FN:41,(anonymous_12)
FN:53,(anonymous_13)
FN:89,(anonymous_14)
FN:136,(anonymous_15)
FN:162,(anonymous_16)
FN:169,(anonymous_17)
FN:179,(anonymous_18)
FN:183,createKiloCodingAgent
FNF:11
FNH:0
FNDA:0,(anonymous_9)
FNDA:0,(anonymous_10)
FNDA:0,(anonymous_11)
FNDA:0,(anonymous_12)
FNDA:0,(anonymous_13)
FNDA:0,(anonymous_14)
FNDA:0,(anonymous_15)
FNDA:0,(anonymous_16)
FNDA:0,(anonymous_17)
FNDA:0,(anonymous_18)
FNDA:0,createKiloCodingAgent
DA:1,0
DA:2,0
DA:3,0
DA:4,0
DA:14,0
DA:16,0
DA:24,0
DA:25,0
DA:27,0
DA:30,0
DA:34,0
DA:38,0
DA:42,0
DA:43,0
DA:44,0
DA:45,0
DA:47,0
DA:49,0
DA:54,0
DA:56,0
DA:57,0
DA:61,0
DA:63,0
DA:64,0
DA:65,0
DA:73,0
DA:80,0
DA:81,0
DA:90,0
DA:92,0
DA:93,0
DA:103,0
DA:104,0
DA:108,0
DA:111,0
DA:113,0
DA:121,0
DA:123,0
DA:124,0
DA:126,0
DA:137,0
DA:138,0
DA:144,0
DA:145,0
DA:148,0
DA:149,0
DA:150,0
DA:151,0
DA:152,0
DA:153,0
DA:154,0
DA:156,0
DA:158,0
DA:163,0
DA:164,0
DA:166,0
DA:170,0
DA:179,0
DA:183,0
DA:184,0
LF:60
LH:0
BRDA:29,0,0,0
BRDA:44,1,0,0
BRDA:44,1,1,0
BRDA:64,2,0,0
BRDA:64,2,1,0
BRDA:80,3,0,0
BRDA:80,3,1,0
BRDA:108,4,0,0
BRDA:108,4,1,0
BRDA:108,4,2,0
BRDA:108,4,3,0
BRDA:116,5,0,0
BRDA:116,5,1,0
BRDA:118,6,0,0
BRDA:118,6,1,0
BRDA:123,7,0,0
BRDA:123,7,1,0
BRDA:129,8,0,0
BRDA:129,8,1,0
BRDA:144,9,0,0
BRDA:144,9,1,0
BRDA:163,10,0,0
BRDA:163,10,1,0
BRDA:163,11,0,0
BRDA:163,11,1,0
BRDA:179,12,0,0
BRDA:179,12,1,0
BRF:27
BRH:0
end_of_record
TN:
SF:src/model-alternator.ts
FN:11,(anonymous_0)
FN:17,(anonymous_1)
FN:22,(anonymous_2)
FN:26,(anonymous_3)
FN:31,createModelAlternator
FNF:5
FNH:0
FNDA:0,(anonymous_0)
FNDA:0,(anonymous_1)
FNDA:0,(anonymous_2)
FNDA:0,(anonymous_3)
FNDA:0,createModelAlternator
DA:1,0
DA:8,0
DA:9,0
DA:12,0
DA:13,0
DA:14,0
DA:18,0
DA:19,0
DA:23,0
DA:27,0
DA:31,0
DA:32,0
LF:12
LH:0
BRDA:19,0,0,0
BRDA:19,0,1,0
BRF:2
BRH:0
end_of_record
